2019-11-29 09:58:00,414 [Worker-5] INFO  c.g.t.t.d.PublishedGradleVersions - Gradle version information cache is out-of-date. Trying to update.
2019-12-02 15:22:05,859 [Worker-6] INFO  c.g.t.t.d.PublishedGradleVersions - Gradle version information cache is out-of-date. Trying to update.
2019-12-06 11:58:39,025 [Worker-0] INFO  c.g.t.t.d.PublishedGradleVersions - Gradle version information cache is out-of-date. Trying to update.
2020-07-01 13:55:47,960 [Worker-1] INFO  c.g.t.t.d.PublishedGradleVersions - Gradle version information cache is out-of-date. Trying to update.
2020-07-01 14:28:31,976 [Worker-1] INFO  c.g.t.t.d.PublishedGradleVersions - Gradle version information cache is up-to-date. Trying to read.
2020-07-02 11:11:46,742 [Worker-3] INFO  c.g.t.t.d.PublishedGradleVersions - Gradle version information cache is up-to-date. Trying to read.
2020-07-02 13:55:40,780 [Worker-4] INFO  c.g.t.t.d.PublishedGradleVersions - Gradle version information cache is up-to-date. Trying to read.
2020-07-02 17:31:56,965 [Worker-2] INFO  o.e.m.c.i.p.ProjectConfigurationManager - Collecting project info '/pom.xml' D:\KeywordDriven-Selenium\ARTDesktopCucumber\pom.xml
2020-07-02 17:31:58,215 [Worker-2] INFO  o.e.m.c.i.l.LifecycleMappingFactory - Using org.eclipse.m2e.jdt.JarLifecycleMapping lifecycle mapping for MavenProject: ARTDesktopCucumber:ARTDesktopCucumber:0.0.1-SNAPSHOT @ D:\KeywordDriven-Selenium\ARTDesktopCucumber\pom.xml.
2020-07-02 17:31:58,525 [Worker-2] INFO  o.e.m.j.i.AbstractJavaProjectConfigurator - Adding source folder /ARTDesktopCucumber/src/main/java
2020-07-02 17:31:58,559 [Worker-2] INFO  o.e.m.j.i.AbstractJavaProjectConfigurator - Adding source folder /ARTDesktopCucumber/src/test/java
2020-07-02 17:31:58,668 [Worker-2] INFO  o.e.m.c.i.p.ProjectConfigurationManager - Imported and configured 1 project(s) in 1 sec
2020-07-02 17:31:59,277 [Worker-9] INFO  o.e.m.c.i.embedder.EclipseLogger - Using 'UTF-8' encoding to copy filtered resources.
2020-07-02 17:31:59,277 [Worker-9] INFO  o.e.m.c.i.embedder.EclipseLogger - skip non existing resourceDirectory D:\KeywordDriven-Selenium\ARTDesktopCucumber\src\main\resources
2020-07-02 17:31:59,279 [Worker-9] INFO  o.e.m.c.i.embedder.EclipseLogger - Using 'UTF-8' encoding to copy filtered resources.
2020-07-02 17:31:59,279 [Worker-9] INFO  o.e.m.c.i.embedder.EclipseLogger - skip non existing resourceDirectory D:\KeywordDriven-Selenium\ARTDesktopCucumber\src\test\resources
2020-07-02 17:34:00,444 [Worker-21] INFO  o.e.m.c.i.l.LifecycleMappingFactory - Using org.eclipse.m2e.jdt.JarLifecycleMapping lifecycle mapping for MavenProject: ARTDesktopCucumber:ARTDesktopCucumber:0.0.1-SNAPSHOT @ D:\KeywordDriven-Selenium\ARTDesktopCucumber\pom.xml.
2020-07-02 17:34:00,884 [Worker-21] INFO  o.e.m.c.i.embedder.EclipseLogger - Using 'UTF-8' encoding to copy filtered resources.
2020-07-02 17:34:00,884 [Worker-21] INFO  o.e.m.c.i.embedder.EclipseLogger - skip non existing resourceDirectory D:\KeywordDriven-Selenium\ARTDesktopCucumber\src\main\resources
2020-07-02 17:34:00,886 [Worker-21] INFO  o.e.m.c.i.embedder.EclipseLogger - Using 'UTF-8' encoding to copy filtered resources.
2020-07-02 17:34:00,887 [Worker-21] INFO  o.e.m.c.i.embedder.EclipseLogger - skip non existing resourceDirectory D:\KeywordDriven-Selenium\ARTDesktopCucumber\src\test\resources
2020-07-02 17:34:02,356 [Worker-2] INFO  o.e.m.c.i.embedder.EclipseLogger - Using 'UTF-8' encoding to copy filtered resources.
2020-07-02 17:34:02,360 [Worker-2] INFO  o.e.m.c.i.embedder.EclipseLogger - skip non existing resourceDirectory D:\KeywordDriven-Selenium\ARTDesktopCucumber\src\main\resources
2020-07-02 17:34:02,364 [Worker-2] INFO  o.e.m.c.i.embedder.EclipseLogger - Using 'UTF-8' encoding to copy filtered resources.
2020-07-02 17:34:02,365 [Worker-2] INFO  o.e.m.c.i.embedder.EclipseLogger - skip non existing resourceDirectory D:\KeywordDriven-Selenium\ARTDesktopCucumber\src\test\resources
2020-07-02 17:35:41,992 [Worker-16] INFO  o.e.m.c.i.embedder.EclipseLogger - Using 'UTF-8' encoding to copy filtered resources.
2020-07-02 17:35:41,992 [Worker-16] INFO  o.e.m.c.i.embedder.EclipseLogger - skip non existing resourceDirectory D:\KeywordDriven-Selenium\ARTDesktopCucumber\src\main\resources
2020-07-02 17:35:41,995 [Worker-16] INFO  o.e.m.c.i.embedder.EclipseLogger - Using 'UTF-8' encoding to copy filtered resources.
2020-07-02 17:35:41,995 [Worker-16] INFO  o.e.m.c.i.embedder.EclipseLogger - skip non existing resourceDirectory D:\KeywordDriven-Selenium\ARTDesktopCucumber\src\test\resources
2020-07-02 17:37:56,764 [Worker-23] INFO  o.e.m.c.i.l.LifecycleMappingFactory - Using org.eclipse.m2e.jdt.JarLifecycleMapping lifecycle mapping for MavenProject: artCucumber:artCucumber:0.0.1-SNAPSHOT @ D:\KeywordDriven-Selenium\artCucumber\pom.xml.
2020-07-02 17:37:56,915 [Worker-23] INFO  o.e.m.j.i.AbstractJavaProjectConfigurator - Adding source folder /artCucumber/src/main/java
2020-07-02 17:37:56,916 [Worker-23] INFO  o.e.m.j.i.AbstractJavaProjectConfigurator - Adding resource folder /artCucumber/src/main/resources
2020-07-02 17:37:56,916 [Worker-23] INFO  o.e.m.j.i.AbstractJavaProjectConfigurator - Adding source folder /artCucumber/src/test/java
2020-07-02 17:37:56,917 [Worker-23] INFO  o.e.m.j.i.AbstractJavaProjectConfigurator - Adding resource folder /artCucumber/src/test/resources
2020-07-02 17:37:57,175 [Worker-16] WARN  o.e.m.c.i.embedder.EclipseLogger - Using platform encoding (Cp1252 actually) to copy filtered resources, i.e. build is platform dependent!
2020-07-02 17:37:57,186 [Worker-16] INFO  o.e.m.c.i.embedder.EclipseLogger - Copying 0 resource
2020-07-02 17:37:57,188 [Worker-16] WARN  o.e.m.c.i.embedder.EclipseLogger - Using platform encoding (Cp1252 actually) to copy filtered resources, i.e. build is platform dependent!
2020-07-02 17:37:57,189 [Worker-16] INFO  o.e.m.c.i.embedder.EclipseLogger - Copying 0 resource
2020-07-02 17:39:11,477 [Worker-27] INFO  o.e.m.c.i.l.LifecycleMappingFactory - Using org.eclipse.m2e.jdt.JarLifecycleMapping lifecycle mapping for MavenProject: artCucumber:artCucumber:0.0.1-SNAPSHOT @ D:\KeywordDriven-Selenium\artCucumber\pom.xml.
2020-07-02 17:39:11,771 [Worker-27] WARN  o.e.m.c.i.embedder.EclipseLogger - Using platform encoding (Cp1252 actually) to copy filtered resources, i.e. build is platform dependent!
2020-07-02 17:39:11,776 [Worker-27] INFO  o.e.m.c.i.embedder.EclipseLogger - Copying 0 resource
2020-07-02 17:39:11,777 [Worker-27] WARN  o.e.m.c.i.embedder.EclipseLogger - Using platform encoding (Cp1252 actually) to copy filtered resources, i.e. build is platform dependent!
2020-07-02 17:39:11,778 [Worker-27] INFO  o.e.m.c.i.embedder.EclipseLogger - Copying 0 resource
2020-07-02 17:39:47,968 [Worker-33] WARN  o.e.m.c.i.embedder.EclipseLogger - Using platform encoding (Cp1252 actually) to copy filtered resources, i.e. build is platform dependent!
2020-07-02 17:39:47,970 [Worker-33] INFO  o.e.m.c.i.embedder.EclipseLogger - Copying 0 resource
2020-07-02 17:39:47,972 [Worker-33] WARN  o.e.m.c.i.embedder.EclipseLogger - Using platform encoding (Cp1252 actually) to copy filtered resources, i.e. build is platform dependent!
2020-07-02 17:39:47,975 [Worker-33] INFO  o.e.m.c.i.embedder.EclipseLogger - Copying 1 resource
2020-07-02 17:44:28,413 [Worker-1820] WARN  o.e.m.c.i.embedder.EclipseLogger - Using platform encoding (Cp1252 actually) to copy filtered resources, i.e. build is platform dependent!
2020-07-02 17:44:28,414 [Worker-1820] INFO  o.e.m.c.i.embedder.EclipseLogger - Copying 0 resource
2020-07-02 17:44:28,416 [Worker-1820] WARN  o.e.m.c.i.embedder.EclipseLogger - Using platform encoding (Cp1252 actually) to copy filtered resources, i.e. build is platform dependent!
2020-07-02 17:44:28,417 [Worker-1820] INFO  o.e.m.c.i.embedder.EclipseLogger - Copying 1 resource
2020-07-02 17:51:02,149 [Worker-0] INFO  c.g.t.t.d.PublishedGradleVersions - Gradle version information cache is out-of-date. Trying to update.
2020-07-02 17:51:46,776 [Worker-4] WARN  o.e.m.c.i.embedder.EclipseLogger - Using platform encoding (Cp1252 actually) to copy filtered resources, i.e. build is platform dependent!
2020-07-02 17:51:46,785 [Worker-4] INFO  o.e.m.c.i.embedder.EclipseLogger - Copying 0 resource
2020-07-02 17:51:46,789 [Worker-4] WARN  o.e.m.c.i.embedder.EclipseLogger - Using platform encoding (Cp1252 actually) to copy filtered resources, i.e. build is platform dependent!
2020-07-02 17:51:46,791 [Worker-4] INFO  o.e.m.c.i.embedder.EclipseLogger - Copying 1 resource
2020-07-02 17:53:01,260 [Worker-9] WARN  o.e.m.c.i.embedder.EclipseLogger - Using platform encoding (Cp1252 actually) to copy filtered resources, i.e. build is platform dependent!
2020-07-02 17:53:01,276 [Worker-9] INFO  o.e.m.c.i.embedder.EclipseLogger - Copying 0 resource
2020-07-02 17:53:01,279 [Worker-9] WARN  o.e.m.c.i.embedder.EclipseLogger - Using platform encoding (Cp1252 actually) to copy filtered resources, i.e. build is platform dependent!
2020-07-02 17:53:01,283 [Worker-9] INFO  o.e.m.c.i.embedder.EclipseLogger - Copying 1 resource
2020-07-02 17:53:35,701 [Worker-4] WARN  o.e.m.c.i.embedder.EclipseLogger - Using platform encoding (Cp1252 actually) to copy filtered resources, i.e. build is platform dependent!
2020-07-02 17:53:35,704 [Worker-4] INFO  o.e.m.c.i.embedder.EclipseLogger - Copying 0 resource
2020-07-02 17:53:35,707 [Worker-4] WARN  o.e.m.c.i.embedder.EclipseLogger - Using platform encoding (Cp1252 actually) to copy filtered resources, i.e. build is platform dependent!
2020-07-02 17:53:35,708 [Worker-4] INFO  o.e.m.c.i.embedder.EclipseLogger - Copying 1 resource
2020-07-02 17:53:50,521 [Worker-7] WARN  o.e.m.c.i.embedder.EclipseLogger - Using platform encoding (Cp1252 actually) to copy filtered resources, i.e. build is platform dependent!
2020-07-02 17:53:50,523 [Worker-7] INFO  o.e.m.c.i.embedder.EclipseLogger - Copying 0 resource
2020-07-02 17:53:50,525 [Worker-7] WARN  o.e.m.c.i.embedder.EclipseLogger - Using platform encoding (Cp1252 actually) to copy filtered resources, i.e. build is platform dependent!
2020-07-02 17:53:50,527 [Worker-7] INFO  o.e.m.c.i.embedder.EclipseLogger - Copying 1 resource
2020-07-02 17:54:21,397 [Worker-7] INFO  o.e.m.c.i.l.LifecycleMappingFactory - Using org.eclipse.m2e.jdt.JarLifecycleMapping lifecycle mapping for MavenProject: artCucumber:artCucumber:0.0.1-SNAPSHOT @ D:\KeywordDriven-Selenium\artCucumber\pom.xml.
2020-07-02 17:54:22,226 [Worker-7] WARN  o.e.m.c.i.embedder.EclipseLogger - Using platform encoding (Cp1252 actually) to copy filtered resources, i.e. build is platform dependent!
2020-07-02 17:54:22,231 [Worker-7] INFO  o.e.m.c.i.embedder.EclipseLogger - Copying 0 resource
2020-07-02 17:54:22,236 [Worker-7] WARN  o.e.m.c.i.embedder.EclipseLogger - Using platform encoding (Cp1252 actually) to copy filtered resources, i.e. build is platform dependent!
2020-07-02 17:54:22,238 [Worker-7] INFO  o.e.m.c.i.embedder.EclipseLogger - Copying 0 resource
2020-07-02 17:54:24,071 [Worker-14] WARN  o.e.m.c.i.embedder.EclipseLogger - Using platform encoding (Cp1252 actually) to copy filtered resources, i.e. build is platform dependent!
2020-07-02 17:54:24,073 [Worker-14] INFO  o.e.m.c.i.embedder.EclipseLogger - Copying 0 resource
2020-07-02 17:54:24,077 [Worker-14] WARN  o.e.m.c.i.embedder.EclipseLogger - Using platform encoding (Cp1252 actually) to copy filtered resources, i.e. build is platform dependent!
2020-07-02 17:54:24,080 [Worker-14] INFO  o.e.m.c.i.embedder.EclipseLogger - Copying 1 resource
2020-07-02 17:54:35,206 [Worker-11] WARN  o.e.r.models.ModelRepository - Failed to download org.eclipse.recommenders:index::zip:0.0.0
org.eclipse.aether.resolution.ArtifactResolutionException: Could not find artifact org.eclipse.recommenders:index:zip:0.0.0-SNAPSHOT in models (http://download.eclipse.org/recommenders/models/oxygen/)
	at org.eclipse.aether.internal.impl.DefaultArtifactResolver.resolve(DefaultArtifactResolver.java:453) ~[na:na]
	at org.eclipse.aether.internal.impl.DefaultArtifactResolver.resolveArtifacts(DefaultArtifactResolver.java:255) ~[na:na]
	at org.eclipse.aether.internal.impl.DefaultArtifactResolver.resolveArtifact(DefaultArtifactResolver.java:232) ~[na:na]
	at org.eclipse.aether.internal.impl.DefaultRepositorySystem.resolveArtifact(DefaultRepositorySystem.java:303) ~[na:na]
	at org.eclipse.recommenders.models.ModelRepository.resolveInternal(ModelRepository.java:193) [org.eclipse.recommenders.models_2.5.2.v20180401-1226.jar:na]
	at org.eclipse.recommenders.models.ModelRepository.resolve(ModelRepository.java:172) [org.eclipse.recommenders.models_2.5.2.v20180401-1226.jar:na]
	at org.eclipse.recommenders.internal.models.rcp.EclipseModelRepository.resolve(EclipseModelRepository.java:168) [org.eclipse.recommenders.models.rcp_2.5.2.v20180401-1226.jar:na]
	at org.eclipse.recommenders.internal.models.rcp.DownloadModelArchiveJob.run(DownloadModelArchiveJob.java:76) [org.eclipse.recommenders.models.rcp_2.5.2.v20180401-1226.jar:na]
	at org.eclipse.core.internal.jobs.Worker.run(Worker.java:56) [org.eclipse.core.jobs_3.9.3.v20180115-1757.jar:na]
Caused by: org.eclipse.aether.transfer.ArtifactNotFoundException: Could not find artifact org.eclipse.recommenders:index:zip:0.0.0-SNAPSHOT in models (http://download.eclipse.org/recommenders/models/oxygen/)
	at org.eclipse.aether.connector.basic.ArtifactTransportListener.transferFailed(ArtifactTransportListener.java:48) ~[org.apache.maven.resolver.connector.basic_1.0.3.v20170405-0725.jar:1.0.3]
	at org.eclipse.aether.connector.basic.BasicRepositoryConnector$TaskRunner.run(BasicRepositoryConnector.java:364) ~[org.apache.maven.resolver.connector.basic_1.0.3.v20170405-0725.jar:1.0.3]
	at org.eclipse.aether.util.concurrency.RunnableErrorForwarder$1.run(RunnableErrorForwarder.java:76) ~[na:na]
	at org.eclipse.aether.connector.basic.BasicRepositoryConnector$DirectExecutor.execute(BasicRepositoryConnector.java:590) ~[org.apache.maven.resolver.connector.basic_1.0.3.v20170405-0725.jar:1.0.3]
	at org.eclipse.aether.connector.basic.BasicRepositoryConnector.get(BasicRepositoryConnector.java:258) ~[org.apache.maven.resolver.connector.basic_1.0.3.v20170405-0725.jar:1.0.3]
	at org.eclipse.aether.internal.impl.DefaultArtifactResolver.performDownloads(DefaultArtifactResolver.java:529) ~[na:na]
	at org.eclipse.aether.internal.impl.DefaultArtifactResolver.resolve(DefaultArtifactResolver.java:430) ~[na:na]
	... 8 common frames omitted
2020-07-02 17:57:52,130 [Worker-5] WARN  o.e.m.c.i.embedder.EclipseLogger - Using platform encoding (Cp1252 actually) to copy filtered resources, i.e. build is platform dependent!
2020-07-02 17:57:52,133 [Worker-5] INFO  o.e.m.c.i.embedder.EclipseLogger - Copying 0 resource
2020-07-02 17:57:52,135 [Worker-5] WARN  o.e.m.c.i.embedder.EclipseLogger - Using platform encoding (Cp1252 actually) to copy filtered resources, i.e. build is platform dependent!
2020-07-02 17:57:52,137 [Worker-5] INFO  o.e.m.c.i.embedder.EclipseLogger - Copying 1 resource
2020-07-02 17:58:06,849 [Worker-1] WARN  o.e.m.c.i.embedder.EclipseLogger - Using platform encoding (Cp1252 actually) to copy filtered resources, i.e. build is platform dependent!
2020-07-02 17:58:06,850 [Worker-1] INFO  o.e.m.c.i.embedder.EclipseLogger - Copying 0 resource
2020-07-02 17:58:06,852 [Worker-1] WARN  o.e.m.c.i.embedder.EclipseLogger - Using platform encoding (Cp1252 actually) to copy filtered resources, i.e. build is platform dependent!
2020-07-02 17:58:06,854 [Worker-1] INFO  o.e.m.c.i.embedder.EclipseLogger - Copying 1 resource
2020-07-02 17:58:43,849 [Worker-14] WARN  o.e.m.c.i.embedder.EclipseLogger - Using platform encoding (Cp1252 actually) to copy filtered resources, i.e. build is platform dependent!
2020-07-02 17:58:43,852 [Worker-14] INFO  o.e.m.c.i.embedder.EclipseLogger - Copying 0 resource
2020-07-02 17:58:43,853 [Worker-14] WARN  o.e.m.c.i.embedder.EclipseLogger - Using platform encoding (Cp1252 actually) to copy filtered resources, i.e. build is platform dependent!
2020-07-02 17:58:43,855 [Worker-14] INFO  o.e.m.c.i.embedder.EclipseLogger - Copying 1 resource
2020-07-02 17:58:48,565 [Worker-13] WARN  o.e.m.c.i.embedder.EclipseLogger - Using platform encoding (Cp1252 actually) to copy filtered resources, i.e. build is platform dependent!
2020-07-02 17:58:48,566 [Worker-13] INFO  o.e.m.c.i.embedder.EclipseLogger - Copying 0 resource
2020-07-02 17:58:48,567 [Worker-13] WARN  o.e.m.c.i.embedder.EclipseLogger - Using platform encoding (Cp1252 actually) to copy filtered resources, i.e. build is platform dependent!
2020-07-02 17:58:48,569 [Worker-13] INFO  o.e.m.c.i.embedder.EclipseLogger - Copying 1 resource
2020-07-02 18:09:26,188 [Worker-16] WARN  o.e.m.c.i.embedder.EclipseLogger - Using platform encoding (Cp1252 actually) to copy filtered resources, i.e. build is platform dependent!
2020-07-02 18:09:26,191 [Worker-16] INFO  o.e.m.c.i.embedder.EclipseLogger - Copying 0 resource
2020-07-02 18:09:26,192 [Worker-16] WARN  o.e.m.c.i.embedder.EclipseLogger - Using platform encoding (Cp1252 actually) to copy filtered resources, i.e. build is platform dependent!
2020-07-02 18:09:26,194 [Worker-16] INFO  o.e.m.c.i.embedder.EclipseLogger - Copying 1 resource
2020-07-02 18:10:50,543 [Worker-15] WARN  o.e.m.c.i.embedder.EclipseLogger - Using platform encoding (Cp1252 actually) to copy filtered resources, i.e. build is platform dependent!
2020-07-02 18:10:50,551 [Worker-15] INFO  o.e.m.c.i.embedder.EclipseLogger - Copying 0 resource
2020-07-02 18:10:50,555 [Worker-15] WARN  o.e.m.c.i.embedder.EclipseLogger - Using platform encoding (Cp1252 actually) to copy filtered resources, i.e. build is platform dependent!
2020-07-02 18:10:50,557 [Worker-15] INFO  o.e.m.c.i.embedder.EclipseLogger - Copying 1 resource
2020-07-02 18:11:16,151 [Worker-16] WARN  o.e.m.c.i.embedder.EclipseLogger - Using platform encoding (Cp1252 actually) to copy filtered resources, i.e. build is platform dependent!
2020-07-02 18:11:16,156 [Worker-16] INFO  o.e.m.c.i.embedder.EclipseLogger - Copying 0 resource
2020-07-02 18:11:16,157 [Worker-16] WARN  o.e.m.c.i.embedder.EclipseLogger - Using platform encoding (Cp1252 actually) to copy filtered resources, i.e. build is platform dependent!
2020-07-02 18:11:16,159 [Worker-16] INFO  o.e.m.c.i.embedder.EclipseLogger - Copying 1 resource
2020-07-02 18:12:44,659 [Worker-1] WARN  o.e.m.c.i.embedder.EclipseLogger - Using platform encoding (Cp1252 actually) to copy filtered resources, i.e. build is platform dependent!
2020-07-02 18:12:44,662 [Worker-1] INFO  o.e.m.c.i.embedder.EclipseLogger - Copying 0 resource
2020-07-02 18:12:44,663 [Worker-1] WARN  o.e.m.c.i.embedder.EclipseLogger - Using platform encoding (Cp1252 actually) to copy filtered resources, i.e. build is platform dependent!
2020-07-02 18:12:44,665 [Worker-1] INFO  o.e.m.c.i.embedder.EclipseLogger - Copying 1 resource
2020-07-02 18:14:30,111 [Worker-1] WARN  o.e.m.c.i.embedder.EclipseLogger - Using platform encoding (Cp1252 actually) to copy filtered resources, i.e. build is platform dependent!
2020-07-02 18:14:30,113 [Worker-1] INFO  o.e.m.c.i.embedder.EclipseLogger - Copying 0 resource
2020-07-02 18:14:30,114 [Worker-1] WARN  o.e.m.c.i.embedder.EclipseLogger - Using platform encoding (Cp1252 actually) to copy filtered resources, i.e. build is platform dependent!
2020-07-02 18:14:30,116 [Worker-1] INFO  o.e.m.c.i.embedder.EclipseLogger - Copying 1 resource
2020-07-02 18:15:19,393 [Worker-13] WARN  o.e.m.c.i.embedder.EclipseLogger - Using platform encoding (Cp1252 actually) to copy filtered resources, i.e. build is platform dependent!
2020-07-02 18:15:19,396 [Worker-13] INFO  o.e.m.c.i.embedder.EclipseLogger - Copying 0 resource
2020-07-02 18:15:19,398 [Worker-13] WARN  o.e.m.c.i.embedder.EclipseLogger - Using platform encoding (Cp1252 actually) to copy filtered resources, i.e. build is platform dependent!
2020-07-02 18:15:19,399 [Worker-13] INFO  o.e.m.c.i.embedder.EclipseLogger - Copying 1 resource
2020-07-02 18:16:56,712 [Worker-16] WARN  o.e.m.c.i.embedder.EclipseLogger - Using platform encoding (Cp1252 actually) to copy filtered resources, i.e. build is platform dependent!
2020-07-02 18:16:56,715 [Worker-16] INFO  o.e.m.c.i.embedder.EclipseLogger - Copying 0 resource
2020-07-02 18:16:56,715 [Worker-16] WARN  o.e.m.c.i.embedder.EclipseLogger - Using platform encoding (Cp1252 actually) to copy filtered resources, i.e. build is platform dependent!
2020-07-02 18:16:56,717 [Worker-16] INFO  o.e.m.c.i.embedder.EclipseLogger - Copying 1 resource
2020-07-02 18:18:43,292 [Worker-1] WARN  o.e.m.c.i.embedder.EclipseLogger - Using platform encoding (Cp1252 actually) to copy filtered resources, i.e. build is platform dependent!
2020-07-02 18:18:43,294 [Worker-1] INFO  o.e.m.c.i.embedder.EclipseLogger - Copying 0 resource
2020-07-02 18:18:43,295 [Worker-1] WARN  o.e.m.c.i.embedder.EclipseLogger - Using platform encoding (Cp1252 actually) to copy filtered resources, i.e. build is platform dependent!
2020-07-02 18:18:43,298 [Worker-1] INFO  o.e.m.c.i.embedder.EclipseLogger - Copying 1 resource
2020-07-02 18:18:57,376 [Worker-9] WARN  o.e.m.c.i.embedder.EclipseLogger - Using platform encoding (Cp1252 actually) to copy filtered resources, i.e. build is platform dependent!
2020-07-02 18:18:57,378 [Worker-9] INFO  o.e.m.c.i.embedder.EclipseLogger - Copying 0 resource
2020-07-02 18:18:57,380 [Worker-9] WARN  o.e.m.c.i.embedder.EclipseLogger - Using platform encoding (Cp1252 actually) to copy filtered resources, i.e. build is platform dependent!
2020-07-02 18:18:57,382 [Worker-9] INFO  o.e.m.c.i.embedder.EclipseLogger - Copying 1 resource
2020-07-02 18:19:23,543 [Worker-16] WARN  o.e.m.c.i.embedder.EclipseLogger - Using platform encoding (Cp1252 actually) to copy filtered resources, i.e. build is platform dependent!
2020-07-02 18:19:23,546 [Worker-16] INFO  o.e.m.c.i.embedder.EclipseLogger - Copying 0 resource
2020-07-02 18:19:23,548 [Worker-16] WARN  o.e.m.c.i.embedder.EclipseLogger - Using platform encoding (Cp1252 actually) to copy filtered resources, i.e. build is platform dependent!
2020-07-02 18:19:23,550 [Worker-16] INFO  o.e.m.c.i.embedder.EclipseLogger - Copying 1 resource
2020-07-02 18:19:28,421 [Worker-9] WARN  o.e.m.c.i.embedder.EclipseLogger - Using platform encoding (Cp1252 actually) to copy filtered resources, i.e. build is platform dependent!
2020-07-02 18:19:28,423 [Worker-9] INFO  o.e.m.c.i.embedder.EclipseLogger - Copying 0 resource
2020-07-02 18:19:28,424 [Worker-9] WARN  o.e.m.c.i.embedder.EclipseLogger - Using platform encoding (Cp1252 actually) to copy filtered resources, i.e. build is platform dependent!
2020-07-02 18:19:28,445 [Worker-9] INFO  o.e.m.c.i.embedder.EclipseLogger - Copying 1 resource
2020-07-02 18:20:23,814 [Worker-1] WARN  o.e.m.c.i.embedder.EclipseLogger - Using platform encoding (Cp1252 actually) to copy filtered resources, i.e. build is platform dependent!
2020-07-02 18:20:23,817 [Worker-1] INFO  o.e.m.c.i.embedder.EclipseLogger - Copying 0 resource
2020-07-02 18:20:23,818 [Worker-1] WARN  o.e.m.c.i.embedder.EclipseLogger - Using platform encoding (Cp1252 actually) to copy filtered resources, i.e. build is platform dependent!
2020-07-02 18:20:23,820 [Worker-1] INFO  o.e.m.c.i.embedder.EclipseLogger - Copying 1 resource
2020-07-02 18:20:29,743 [Worker-19] WARN  o.e.m.c.i.embedder.EclipseLogger - Using platform encoding (Cp1252 actually) to copy filtered resources, i.e. build is platform dependent!
2020-07-02 18:20:29,744 [Worker-19] INFO  o.e.m.c.i.embedder.EclipseLogger - Copying 0 resource
2020-07-02 18:20:29,745 [Worker-19] WARN  o.e.m.c.i.embedder.EclipseLogger - Using platform encoding (Cp1252 actually) to copy filtered resources, i.e. build is platform dependent!
2020-07-02 18:20:29,747 [Worker-19] INFO  o.e.m.c.i.embedder.EclipseLogger - Copying 1 resource
2020-07-02 18:21:17,683 [Worker-1] WARN  o.e.m.c.i.embedder.EclipseLogger - Using platform encoding (Cp1252 actually) to copy filtered resources, i.e. build is platform dependent!
2020-07-02 18:21:17,686 [Worker-1] INFO  o.e.m.c.i.embedder.EclipseLogger - Copying 0 resource
2020-07-02 18:21:17,687 [Worker-1] WARN  o.e.m.c.i.embedder.EclipseLogger - Using platform encoding (Cp1252 actually) to copy filtered resources, i.e. build is platform dependent!
2020-07-02 18:21:17,688 [Worker-1] INFO  o.e.m.c.i.embedder.EclipseLogger - Copying 1 resource
2020-07-02 18:22:20,744 [Worker-19] WARN  o.e.m.c.i.embedder.EclipseLogger - Using platform encoding (Cp1252 actually) to copy filtered resources, i.e. build is platform dependent!
2020-07-02 18:22:20,747 [Worker-19] INFO  o.e.m.c.i.embedder.EclipseLogger - Copying 0 resource
2020-07-02 18:22:20,748 [Worker-19] WARN  o.e.m.c.i.embedder.EclipseLogger - Using platform encoding (Cp1252 actually) to copy filtered resources, i.e. build is platform dependent!
2020-07-02 18:22:20,749 [Worker-19] INFO  o.e.m.c.i.embedder.EclipseLogger - Copying 1 resource
2020-07-02 18:23:44,399 [Worker-1] WARN  o.e.m.c.i.embedder.EclipseLogger - Using platform encoding (Cp1252 actually) to copy filtered resources, i.e. build is platform dependent!
2020-07-02 18:23:44,402 [Worker-1] INFO  o.e.m.c.i.embedder.EclipseLogger - Copying 0 resource
2020-07-02 18:23:44,403 [Worker-1] WARN  o.e.m.c.i.embedder.EclipseLogger - Using platform encoding (Cp1252 actually) to copy filtered resources, i.e. build is platform dependent!
2020-07-02 18:23:44,405 [Worker-1] INFO  o.e.m.c.i.embedder.EclipseLogger - Copying 1 resource
2020-07-02 18:24:00,946 [Worker-9] WARN  o.e.m.c.i.embedder.EclipseLogger - Using platform encoding (Cp1252 actually) to copy filtered resources, i.e. build is platform dependent!
2020-07-02 18:24:00,948 [Worker-9] INFO  o.e.m.c.i.embedder.EclipseLogger - Copying 0 resource
2020-07-02 18:24:00,949 [Worker-9] WARN  o.e.m.c.i.embedder.EclipseLogger - Using platform encoding (Cp1252 actually) to copy filtered resources, i.e. build is platform dependent!
2020-07-02 18:24:00,951 [Worker-9] INFO  o.e.m.c.i.embedder.EclipseLogger - Copying 1 resource
2020-07-02 18:27:07,035 [Worker-1] WARN  o.e.m.c.i.embedder.EclipseLogger - Using platform encoding (Cp1252 actually) to copy filtered resources, i.e. build is platform dependent!
2020-07-02 18:27:07,037 [Worker-1] INFO  o.e.m.c.i.embedder.EclipseLogger - Copying 0 resource
2020-07-02 18:27:07,038 [Worker-1] WARN  o.e.m.c.i.embedder.EclipseLogger - Using platform encoding (Cp1252 actually) to copy filtered resources, i.e. build is platform dependent!
2020-07-02 18:27:07,040 [Worker-1] INFO  o.e.m.c.i.embedder.EclipseLogger - Copying 1 resource
2020-07-02 18:27:18,658 [Worker-15] WARN  o.e.m.c.i.embedder.EclipseLogger - Using platform encoding (Cp1252 actually) to copy filtered resources, i.e. build is platform dependent!
2020-07-02 18:27:18,661 [Worker-15] INFO  o.e.m.c.i.embedder.EclipseLogger - Copying 0 resource
2020-07-02 18:27:18,664 [Worker-15] WARN  o.e.m.c.i.embedder.EclipseLogger - Using platform encoding (Cp1252 actually) to copy filtered resources, i.e. build is platform dependent!
2020-07-02 18:27:18,668 [Worker-15] INFO  o.e.m.c.i.embedder.EclipseLogger - Copying 1 resource
2020-07-02 18:28:13,523 [Worker-19] WARN  o.e.m.c.i.embedder.EclipseLogger - Using platform encoding (Cp1252 actually) to copy filtered resources, i.e. build is platform dependent!
2020-07-02 18:28:13,526 [Worker-19] INFO  o.e.m.c.i.embedder.EclipseLogger - Copying 0 resource
2020-07-02 18:28:13,528 [Worker-19] WARN  o.e.m.c.i.embedder.EclipseLogger - Using platform encoding (Cp1252 actually) to copy filtered resources, i.e. build is platform dependent!
2020-07-02 18:28:13,530 [Worker-19] INFO  o.e.m.c.i.embedder.EclipseLogger - Copying 1 resource
2020-07-02 18:28:24,163 [Worker-13] WARN  o.e.m.c.i.embedder.EclipseLogger - Using platform encoding (Cp1252 actually) to copy filtered resources, i.e. build is platform dependent!
2020-07-02 18:28:24,164 [Worker-13] INFO  o.e.m.c.i.embedder.EclipseLogger - Copying 0 resource
2020-07-02 18:28:24,165 [Worker-13] WARN  o.e.m.c.i.embedder.EclipseLogger - Using platform encoding (Cp1252 actually) to copy filtered resources, i.e. build is platform dependent!
2020-07-02 18:28:24,167 [Worker-13] INFO  o.e.m.c.i.embedder.EclipseLogger - Copying 1 resource
2020-07-02 18:28:39,840 [Worker-13] WARN  o.e.m.c.i.embedder.EclipseLogger - Using platform encoding (Cp1252 actually) to copy filtered resources, i.e. build is platform dependent!
2020-07-02 18:28:39,842 [Worker-13] INFO  o.e.m.c.i.embedder.EclipseLogger - Copying 0 resource
2020-07-02 18:28:39,843 [Worker-13] WARN  o.e.m.c.i.embedder.EclipseLogger - Using platform encoding (Cp1252 actually) to copy filtered resources, i.e. build is platform dependent!
2020-07-02 18:28:39,845 [Worker-13] INFO  o.e.m.c.i.embedder.EclipseLogger - Copying 1 resource
2020-07-02 18:29:11,367 [Worker-13] WARN  o.e.m.c.i.embedder.EclipseLogger - Using platform encoding (Cp1252 actually) to copy filtered resources, i.e. build is platform dependent!
2020-07-02 18:29:11,369 [Worker-13] INFO  o.e.m.c.i.embedder.EclipseLogger - Copying 0 resource
2020-07-02 18:29:11,370 [Worker-13] WARN  o.e.m.c.i.embedder.EclipseLogger - Using platform encoding (Cp1252 actually) to copy filtered resources, i.e. build is platform dependent!
2020-07-02 18:29:11,371 [Worker-13] INFO  o.e.m.c.i.embedder.EclipseLogger - Copying 1 resource
2020-07-02 18:30:40,317 [Worker-16] WARN  o.e.m.c.i.embedder.EclipseLogger - Using platform encoding (Cp1252 actually) to copy filtered resources, i.e. build is platform dependent!
2020-07-02 18:30:40,319 [Worker-16] INFO  o.e.m.c.i.embedder.EclipseLogger - Copying 0 resource
2020-07-02 18:30:40,320 [Worker-16] WARN  o.e.m.c.i.embedder.EclipseLogger - Using platform encoding (Cp1252 actually) to copy filtered resources, i.e. build is platform dependent!
2020-07-02 18:30:40,321 [Worker-16] INFO  o.e.m.c.i.embedder.EclipseLogger - Copying 1 resource
2020-07-02 18:30:58,944 [Worker-1] WARN  o.e.m.c.i.embedder.EclipseLogger - Using platform encoding (Cp1252 actually) to copy filtered resources, i.e. build is platform dependent!
2020-07-02 18:30:58,946 [Worker-1] INFO  o.e.m.c.i.embedder.EclipseLogger - Copying 0 resource
2020-07-02 18:30:58,946 [Worker-1] WARN  o.e.m.c.i.embedder.EclipseLogger - Using platform encoding (Cp1252 actually) to copy filtered resources, i.e. build is platform dependent!
2020-07-02 18:30:58,948 [Worker-1] INFO  o.e.m.c.i.embedder.EclipseLogger - Copying 1 resource
2020-07-02 18:31:12,356 [Worker-1] WARN  o.e.m.c.i.embedder.EclipseLogger - Using platform encoding (Cp1252 actually) to copy filtered resources, i.e. build is platform dependent!
2020-07-02 18:31:12,359 [Worker-1] INFO  o.e.m.c.i.embedder.EclipseLogger - Copying 0 resource
2020-07-02 18:31:12,359 [Worker-1] WARN  o.e.m.c.i.embedder.EclipseLogger - Using platform encoding (Cp1252 actually) to copy filtered resources, i.e. build is platform dependent!
2020-07-02 18:31:12,361 [Worker-1] INFO  o.e.m.c.i.embedder.EclipseLogger - Copying 1 resource
2020-07-02 18:31:22,480 [Worker-13] WARN  o.e.m.c.i.embedder.EclipseLogger - Using platform encoding (Cp1252 actually) to copy filtered resources, i.e. build is platform dependent!
2020-07-02 18:31:22,482 [Worker-13] INFO  o.e.m.c.i.embedder.EclipseLogger - Copying 0 resource
2020-07-02 18:31:22,482 [Worker-13] WARN  o.e.m.c.i.embedder.EclipseLogger - Using platform encoding (Cp1252 actually) to copy filtered resources, i.e. build is platform dependent!
2020-07-02 18:31:22,484 [Worker-13] INFO  o.e.m.c.i.embedder.EclipseLogger - Copying 1 resource
2020-07-02 18:31:34,046 [Worker-13] WARN  o.e.m.c.i.embedder.EclipseLogger - Using platform encoding (Cp1252 actually) to copy filtered resources, i.e. build is platform dependent!
2020-07-02 18:31:34,048 [Worker-13] INFO  o.e.m.c.i.embedder.EclipseLogger - Copying 0 resource
2020-07-02 18:31:34,049 [Worker-13] WARN  o.e.m.c.i.embedder.EclipseLogger - Using platform encoding (Cp1252 actually) to copy filtered resources, i.e. build is platform dependent!
2020-07-02 18:31:34,050 [Worker-13] INFO  o.e.m.c.i.embedder.EclipseLogger - Copying 1 resource
2020-07-02 18:31:47,642 [Worker-19] WARN  o.e.m.c.i.embedder.EclipseLogger - Using platform encoding (Cp1252 actually) to copy filtered resources, i.e. build is platform dependent!
2020-07-02 18:31:47,644 [Worker-19] INFO  o.e.m.c.i.embedder.EclipseLogger - Copying 0 resource
2020-07-02 18:31:47,645 [Worker-19] WARN  o.e.m.c.i.embedder.EclipseLogger - Using platform encoding (Cp1252 actually) to copy filtered resources, i.e. build is platform dependent!
2020-07-02 18:31:47,647 [Worker-19] INFO  o.e.m.c.i.embedder.EclipseLogger - Copying 1 resource
2020-07-02 18:34:48,111 [Worker-9] WARN  o.e.m.c.i.embedder.EclipseLogger - Using platform encoding (Cp1252 actually) to copy filtered resources, i.e. build is platform dependent!
2020-07-02 18:34:48,113 [Worker-9] INFO  o.e.m.c.i.embedder.EclipseLogger - Copying 0 resource
2020-07-02 18:34:48,114 [Worker-9] WARN  o.e.m.c.i.embedder.EclipseLogger - Using platform encoding (Cp1252 actually) to copy filtered resources, i.e. build is platform dependent!
2020-07-02 18:34:48,115 [Worker-9] INFO  o.e.m.c.i.embedder.EclipseLogger - Copying 1 resource
2020-07-02 18:38:29,272 [Worker-13] WARN  o.e.m.c.i.embedder.EclipseLogger - Using platform encoding (Cp1252 actually) to copy filtered resources, i.e. build is platform dependent!
2020-07-02 18:38:29,275 [Worker-13] INFO  o.e.m.c.i.embedder.EclipseLogger - Copying 0 resource
2020-07-02 18:38:29,277 [Worker-13] WARN  o.e.m.c.i.embedder.EclipseLogger - Using platform encoding (Cp1252 actually) to copy filtered resources, i.e. build is platform dependent!
2020-07-02 18:38:29,278 [Worker-13] INFO  o.e.m.c.i.embedder.EclipseLogger - Copying 1 resource
2020-07-02 18:38:52,064 [Worker-13] WARN  o.e.m.c.i.embedder.EclipseLogger - Using platform encoding (Cp1252 actually) to copy filtered resources, i.e. build is platform dependent!
2020-07-02 18:38:52,066 [Worker-13] INFO  o.e.m.c.i.embedder.EclipseLogger - Copying 0 resource
2020-07-02 18:38:52,069 [Worker-13] WARN  o.e.m.c.i.embedder.EclipseLogger - Using platform encoding (Cp1252 actually) to copy filtered resources, i.e. build is platform dependent!
2020-07-02 18:38:52,071 [Worker-13] INFO  o.e.m.c.i.embedder.EclipseLogger - Copying 1 resource
2020-07-03 10:32:05,416 [Worker-861] WARN  o.e.m.c.i.embedder.EclipseLogger - Using platform encoding (Cp1252 actually) to copy filtered resources, i.e. build is platform dependent!
2020-07-03 10:32:05,442 [Worker-861] INFO  o.e.m.c.i.embedder.EclipseLogger - Copying 0 resource
2020-07-03 10:32:05,442 [Worker-861] WARN  o.e.m.c.i.embedder.EclipseLogger - Using platform encoding (Cp1252 actually) to copy filtered resources, i.e. build is platform dependent!
2020-07-03 10:32:05,442 [Worker-861] INFO  o.e.m.c.i.embedder.EclipseLogger - Copying 1 resource
2020-07-03 10:32:20,428 [Worker-909] WARN  o.e.m.c.i.embedder.EclipseLogger - Using platform encoding (Cp1252 actually) to copy filtered resources, i.e. build is platform dependent!
2020-07-03 10:32:20,429 [Worker-909] INFO  o.e.m.c.i.embedder.EclipseLogger - Copying 0 resource
2020-07-03 10:32:20,430 [Worker-909] WARN  o.e.m.c.i.embedder.EclipseLogger - Using platform encoding (Cp1252 actually) to copy filtered resources, i.e. build is platform dependent!
2020-07-03 10:32:20,432 [Worker-909] INFO  o.e.m.c.i.embedder.EclipseLogger - Copying 1 resource
2020-07-03 10:32:25,829 [Worker-947] WARN  o.e.m.c.i.embedder.EclipseLogger - Using platform encoding (Cp1252 actually) to copy filtered resources, i.e. build is platform dependent!
2020-07-03 10:32:25,830 [Worker-947] INFO  o.e.m.c.i.embedder.EclipseLogger - Copying 0 resource
2020-07-03 10:32:25,831 [Worker-947] WARN  o.e.m.c.i.embedder.EclipseLogger - Using platform encoding (Cp1252 actually) to copy filtered resources, i.e. build is platform dependent!
2020-07-03 10:32:25,833 [Worker-947] INFO  o.e.m.c.i.embedder.EclipseLogger - Copying 1 resource
2020-07-03 10:32:50,768 [Worker-996] WARN  o.e.m.c.i.embedder.EclipseLogger - Using platform encoding (Cp1252 actually) to copy filtered resources, i.e. build is platform dependent!
2020-07-03 10:32:50,768 [Worker-996] INFO  o.e.m.c.i.embedder.EclipseLogger - Copying 0 resource
2020-07-03 10:32:50,768 [Worker-996] WARN  o.e.m.c.i.embedder.EclipseLogger - Using platform encoding (Cp1252 actually) to copy filtered resources, i.e. build is platform dependent!
2020-07-03 10:32:50,768 [Worker-996] INFO  o.e.m.c.i.embedder.EclipseLogger - Copying 1 resource
2020-07-03 10:35:20,936 [Worker-1078] WARN  o.e.m.c.i.embedder.EclipseLogger - Using platform encoding (Cp1252 actually) to copy filtered resources, i.e. build is platform dependent!
2020-07-03 10:35:20,939 [Worker-1078] INFO  o.e.m.c.i.embedder.EclipseLogger - Copying 0 resource
2020-07-03 10:35:20,940 [Worker-1078] WARN  o.e.m.c.i.embedder.EclipseLogger - Using platform encoding (Cp1252 actually) to copy filtered resources, i.e. build is platform dependent!
2020-07-03 10:35:20,942 [Worker-1078] INFO  o.e.m.c.i.embedder.EclipseLogger - Copying 1 resource
2020-07-03 10:36:50,070 [Worker-1251] WARN  o.e.m.c.i.embedder.EclipseLogger - Using platform encoding (Cp1252 actually) to copy filtered resources, i.e. build is platform dependent!
2020-07-03 10:36:50,073 [Worker-1251] INFO  o.e.m.c.i.embedder.EclipseLogger - Copying 0 resource
2020-07-03 10:36:50,074 [Worker-1251] WARN  o.e.m.c.i.embedder.EclipseLogger - Using platform encoding (Cp1252 actually) to copy filtered resources, i.e. build is platform dependent!
2020-07-03 10:36:50,075 [Worker-1251] INFO  o.e.m.c.i.embedder.EclipseLogger - Copying 1 resource
2020-07-03 10:36:58,968 [Worker-1285] WARN  o.e.m.c.i.embedder.EclipseLogger - Using platform encoding (Cp1252 actually) to copy filtered resources, i.e. build is platform dependent!
2020-07-03 10:36:58,970 [Worker-1285] INFO  o.e.m.c.i.embedder.EclipseLogger - Copying 0 resource
2020-07-03 10:36:58,971 [Worker-1285] WARN  o.e.m.c.i.embedder.EclipseLogger - Using platform encoding (Cp1252 actually) to copy filtered resources, i.e. build is platform dependent!
2020-07-03 10:36:58,972 [Worker-1285] INFO  o.e.m.c.i.embedder.EclipseLogger - Copying 1 resource
2020-07-03 10:37:07,448 [Worker-1336] WARN  o.e.m.c.i.embedder.EclipseLogger - Using platform encoding (Cp1252 actually) to copy filtered resources, i.e. build is platform dependent!
2020-07-03 10:37:07,450 [Worker-1336] INFO  o.e.m.c.i.embedder.EclipseLogger - Copying 0 resource
2020-07-03 10:37:07,452 [Worker-1336] WARN  o.e.m.c.i.embedder.EclipseLogger - Using platform encoding (Cp1252 actually) to copy filtered resources, i.e. build is platform dependent!
2020-07-03 10:37:07,453 [Worker-1336] INFO  o.e.m.c.i.embedder.EclipseLogger - Copying 1 resource
2020-07-03 10:43:10,001 [Worker-1372] WARN  o.e.m.c.i.embedder.EclipseLogger - Using platform encoding (Cp1252 actually) to copy filtered resources, i.e. build is platform dependent!
2020-07-03 10:43:10,002 [Worker-1372] INFO  o.e.m.c.i.embedder.EclipseLogger - Copying 0 resource
2020-07-03 10:43:10,003 [Worker-1372] WARN  o.e.m.c.i.embedder.EclipseLogger - Using platform encoding (Cp1252 actually) to copy filtered resources, i.e. build is platform dependent!
2020-07-03 10:43:10,004 [Worker-1372] INFO  o.e.m.c.i.embedder.EclipseLogger - Copying 1 resource
2020-07-03 11:06:16,786 [Worker-2] INFO  c.g.t.t.d.PublishedGradleVersions - Gradle version information cache is up-to-date. Trying to read.
2020-07-03 11:06:22,985 [Worker-6] INFO  o.e.m.c.i.l.LifecycleMappingFactory - Using org.eclipse.m2e.jdt.JarLifecycleMapping lifecycle mapping for MavenProject: artCucumber:artCucumber:0.0.1-SNAPSHOT @ D:\KeywordDriven-Selenium\artCucumber\pom.xml.
2020-07-03 11:06:24,130 [Worker-6] WARN  o.e.m.c.i.embedder.EclipseLogger - Using platform encoding (Cp1252 actually) to copy filtered resources, i.e. build is platform dependent!
2020-07-03 11:06:24,139 [Worker-6] INFO  o.e.m.c.i.embedder.EclipseLogger - Copying 0 resource
2020-07-03 11:06:24,142 [Worker-6] WARN  o.e.m.c.i.embedder.EclipseLogger - Using platform encoding (Cp1252 actually) to copy filtered resources, i.e. build is platform dependent!
2020-07-03 11:06:24,145 [Worker-6] INFO  o.e.m.c.i.embedder.EclipseLogger - Copying 1 resource
2020-07-03 11:16:41,846 [Worker-6] INFO  c.g.t.t.d.PublishedGradleVersions - Gradle version information cache is up-to-date. Trying to read.
2020-07-03 11:16:46,663 [Worker-6] INFO  o.e.m.c.i.l.LifecycleMappingFactory - Using org.eclipse.m2e.jdt.JarLifecycleMapping lifecycle mapping for MavenProject: artCucumber:artCucumber:0.0.1-SNAPSHOT @ D:\KeywordDriven-Selenium\artCucumber\pom.xml.
2020-07-03 11:16:47,600 [Worker-6] WARN  o.e.m.c.i.embedder.EclipseLogger - Using platform encoding (Cp1252 actually) to copy filtered resources, i.e. build is platform dependent!
2020-07-03 11:16:47,609 [Worker-6] INFO  o.e.m.c.i.embedder.EclipseLogger - Copying 0 resource
2020-07-03 11:16:47,617 [Worker-6] WARN  o.e.m.c.i.embedder.EclipseLogger - Using platform encoding (Cp1252 actually) to copy filtered resources, i.e. build is platform dependent!
2020-07-03 11:16:47,621 [Worker-6] INFO  o.e.m.c.i.embedder.EclipseLogger - Copying 1 resource
2020-07-03 11:18:49,411 [Worker-2] WARN  o.e.m.c.i.embedder.EclipseLogger - Using platform encoding (Cp1252 actually) to copy filtered resources, i.e. build is platform dependent!
2020-07-03 11:18:49,420 [Worker-2] INFO  o.e.m.c.i.embedder.EclipseLogger - Copying 0 resource
2020-07-03 11:18:49,422 [Worker-2] WARN  o.e.m.c.i.embedder.EclipseLogger - Using platform encoding (Cp1252 actually) to copy filtered resources, i.e. build is platform dependent!
2020-07-03 11:18:49,424 [Worker-2] INFO  o.e.m.c.i.embedder.EclipseLogger - Copying 1 resource
2020-07-03 11:26:36,192 [Worker-2] WARN  o.e.m.c.i.embedder.EclipseLogger - Using platform encoding (Cp1252 actually) to copy filtered resources, i.e. build is platform dependent!
2020-07-03 11:26:36,193 [Worker-2] INFO  o.e.m.c.i.embedder.EclipseLogger - Copying 0 resource
2020-07-03 11:26:36,195 [Worker-2] WARN  o.e.m.c.i.embedder.EclipseLogger - Using platform encoding (Cp1252 actually) to copy filtered resources, i.e. build is platform dependent!
2020-07-03 11:26:36,196 [Worker-2] INFO  o.e.m.c.i.embedder.EclipseLogger - Copying 1 resource
2020-07-03 11:27:33,196 [Worker-13] WARN  o.e.m.c.i.embedder.EclipseLogger - Using platform encoding (Cp1252 actually) to copy filtered resources, i.e. build is platform dependent!
2020-07-03 11:27:33,198 [Worker-13] INFO  o.e.m.c.i.embedder.EclipseLogger - Copying 0 resource
2020-07-03 11:27:33,199 [Worker-13] WARN  o.e.m.c.i.embedder.EclipseLogger - Using platform encoding (Cp1252 actually) to copy filtered resources, i.e. build is platform dependent!
2020-07-03 11:27:33,201 [Worker-13] INFO  o.e.m.c.i.embedder.EclipseLogger - Copying 1 resource
2020-07-03 11:28:17,131 [Worker-10] WARN  o.e.m.c.i.embedder.EclipseLogger - Using platform encoding (Cp1252 actually) to copy filtered resources, i.e. build is platform dependent!
2020-07-03 11:28:17,133 [Worker-10] INFO  o.e.m.c.i.embedder.EclipseLogger - Copying 0 resource
2020-07-03 11:28:17,134 [Worker-10] WARN  o.e.m.c.i.embedder.EclipseLogger - Using platform encoding (Cp1252 actually) to copy filtered resources, i.e. build is platform dependent!
2020-07-03 11:28:17,136 [Worker-10] INFO  o.e.m.c.i.embedder.EclipseLogger - Copying 1 resource
2020-07-03 11:29:54,351 [Worker-10] WARN  o.e.m.c.i.embedder.EclipseLogger - Using platform encoding (Cp1252 actually) to copy filtered resources, i.e. build is platform dependent!
2020-07-03 11:29:54,353 [Worker-10] INFO  o.e.m.c.i.embedder.EclipseLogger - Copying 0 resource
2020-07-03 11:29:54,355 [Worker-10] WARN  o.e.m.c.i.embedder.EclipseLogger - Using platform encoding (Cp1252 actually) to copy filtered resources, i.e. build is platform dependent!
2020-07-03 11:29:54,357 [Worker-10] INFO  o.e.m.c.i.embedder.EclipseLogger - Copying 1 resource
2020-07-03 11:30:55,492 [Worker-10] WARN  o.e.m.c.i.embedder.EclipseLogger - Using platform encoding (Cp1252 actually) to copy filtered resources, i.e. build is platform dependent!
2020-07-03 11:30:55,495 [Worker-10] INFO  o.e.m.c.i.embedder.EclipseLogger - Copying 0 resource
2020-07-03 11:30:55,496 [Worker-10] WARN  o.e.m.c.i.embedder.EclipseLogger - Using platform encoding (Cp1252 actually) to copy filtered resources, i.e. build is platform dependent!
2020-07-03 11:30:55,501 [Worker-10] INFO  o.e.m.c.i.embedder.EclipseLogger - Copying 2 resources
2020-07-03 11:31:37,456 [Worker-15] WARN  o.e.m.c.i.embedder.EclipseLogger - Using platform encoding (Cp1252 actually) to copy filtered resources, i.e. build is platform dependent!
2020-07-03 11:31:37,464 [Worker-15] INFO  o.e.m.c.i.embedder.EclipseLogger - Copying 0 resource
2020-07-03 11:31:37,475 [Worker-15] WARN  o.e.m.c.i.embedder.EclipseLogger - Using platform encoding (Cp1252 actually) to copy filtered resources, i.e. build is platform dependent!
2020-07-03 11:31:37,477 [Worker-15] INFO  o.e.m.c.i.embedder.EclipseLogger - Copying 2 resources
2020-07-03 11:31:52,840 [Worker-10] WARN  o.e.m.c.i.embedder.EclipseLogger - Using platform encoding (Cp1252 actually) to copy filtered resources, i.e. build is platform dependent!
2020-07-03 11:31:52,841 [Worker-10] INFO  o.e.m.c.i.embedder.EclipseLogger - Copying 0 resource
2020-07-03 11:31:52,843 [Worker-10] WARN  o.e.m.c.i.embedder.EclipseLogger - Using platform encoding (Cp1252 actually) to copy filtered resources, i.e. build is platform dependent!
2020-07-03 11:31:52,844 [Worker-10] INFO  o.e.m.c.i.embedder.EclipseLogger - Copying 2 resources
2020-07-03 11:32:09,706 [Worker-15] WARN  o.e.m.c.i.embedder.EclipseLogger - Using platform encoding (Cp1252 actually) to copy filtered resources, i.e. build is platform dependent!
2020-07-03 11:32:09,708 [Worker-15] INFO  o.e.m.c.i.embedder.EclipseLogger - Copying 0 resource
2020-07-03 11:32:09,709 [Worker-15] WARN  o.e.m.c.i.embedder.EclipseLogger - Using platform encoding (Cp1252 actually) to copy filtered resources, i.e. build is platform dependent!
2020-07-03 11:32:09,711 [Worker-15] INFO  o.e.m.c.i.embedder.EclipseLogger - Copying 2 resources
2020-07-03 11:32:27,733 [Worker-15] WARN  o.e.m.c.i.embedder.EclipseLogger - Using platform encoding (Cp1252 actually) to copy filtered resources, i.e. build is platform dependent!
2020-07-03 11:32:27,735 [Worker-15] INFO  o.e.m.c.i.embedder.EclipseLogger - Copying 0 resource
2020-07-03 11:32:27,737 [Worker-15] WARN  o.e.m.c.i.embedder.EclipseLogger - Using platform encoding (Cp1252 actually) to copy filtered resources, i.e. build is platform dependent!
2020-07-03 11:32:27,738 [Worker-15] INFO  o.e.m.c.i.embedder.EclipseLogger - Copying 2 resources
2020-07-03 11:32:42,867 [Worker-16] WARN  o.e.m.c.i.embedder.EclipseLogger - Using platform encoding (Cp1252 actually) to copy filtered resources, i.e. build is platform dependent!
2020-07-03 11:32:42,870 [Worker-16] INFO  o.e.m.c.i.embedder.EclipseLogger - Copying 0 resource
2020-07-03 11:32:42,871 [Worker-16] WARN  o.e.m.c.i.embedder.EclipseLogger - Using platform encoding (Cp1252 actually) to copy filtered resources, i.e. build is platform dependent!
2020-07-03 11:32:42,873 [Worker-16] INFO  o.e.m.c.i.embedder.EclipseLogger - Copying 2 resources
2020-07-03 11:32:55,047 [Worker-3] WARN  o.e.m.c.i.embedder.EclipseLogger - Using platform encoding (Cp1252 actually) to copy filtered resources, i.e. build is platform dependent!
2020-07-03 11:32:55,048 [Worker-3] INFO  o.e.m.c.i.embedder.EclipseLogger - Copying 0 resource
2020-07-03 11:32:55,050 [Worker-3] WARN  o.e.m.c.i.embedder.EclipseLogger - Using platform encoding (Cp1252 actually) to copy filtered resources, i.e. build is platform dependent!
2020-07-03 11:32:55,051 [Worker-3] INFO  o.e.m.c.i.embedder.EclipseLogger - Copying 2 resources
2020-07-03 11:33:14,705 [Worker-16] WARN  o.e.m.c.i.embedder.EclipseLogger - Using platform encoding (Cp1252 actually) to copy filtered resources, i.e. build is platform dependent!
2020-07-03 11:33:14,707 [Worker-16] INFO  o.e.m.c.i.embedder.EclipseLogger - Copying 0 resource
2020-07-03 11:33:14,709 [Worker-16] WARN  o.e.m.c.i.embedder.EclipseLogger - Using platform encoding (Cp1252 actually) to copy filtered resources, i.e. build is platform dependent!
2020-07-03 11:33:14,711 [Worker-16] INFO  o.e.m.c.i.embedder.EclipseLogger - Copying 2 resources
2020-07-03 11:33:34,901 [Worker-16] WARN  o.e.m.c.i.embedder.EclipseLogger - Using platform encoding (Cp1252 actually) to copy filtered resources, i.e. build is platform dependent!
2020-07-03 11:33:34,902 [Worker-16] INFO  o.e.m.c.i.embedder.EclipseLogger - Copying 0 resource
2020-07-03 11:33:34,904 [Worker-16] WARN  o.e.m.c.i.embedder.EclipseLogger - Using platform encoding (Cp1252 actually) to copy filtered resources, i.e. build is platform dependent!
2020-07-03 11:33:34,906 [Worker-16] INFO  o.e.m.c.i.embedder.EclipseLogger - Copying 2 resources
2020-07-03 11:33:35,956 [Worker-16] WARN  o.e.m.c.i.embedder.EclipseLogger - Using platform encoding (Cp1252 actually) to copy filtered resources, i.e. build is platform dependent!
2020-07-03 11:33:35,958 [Worker-16] INFO  o.e.m.c.i.embedder.EclipseLogger - Copying 0 resource
2020-07-03 11:33:35,960 [Worker-16] WARN  o.e.m.c.i.embedder.EclipseLogger - Using platform encoding (Cp1252 actually) to copy filtered resources, i.e. build is platform dependent!
2020-07-03 11:33:35,962 [Worker-16] INFO  o.e.m.c.i.embedder.EclipseLogger - Copying 2 resources
2020-07-03 11:33:47,117 [Worker-10] WARN  o.e.m.c.i.embedder.EclipseLogger - Using platform encoding (Cp1252 actually) to copy filtered resources, i.e. build is platform dependent!
2020-07-03 11:33:47,120 [Worker-10] INFO  o.e.m.c.i.embedder.EclipseLogger - Copying 0 resource
2020-07-03 11:33:47,121 [Worker-10] WARN  o.e.m.c.i.embedder.EclipseLogger - Using platform encoding (Cp1252 actually) to copy filtered resources, i.e. build is platform dependent!
2020-07-03 11:33:47,122 [Worker-10] INFO  o.e.m.c.i.embedder.EclipseLogger - Copying 2 resources
2020-07-03 11:34:25,062 [Worker-3] WARN  o.e.m.c.i.embedder.EclipseLogger - Using platform encoding (Cp1252 actually) to copy filtered resources, i.e. build is platform dependent!
2020-07-03 11:34:25,065 [Worker-3] INFO  o.e.m.c.i.embedder.EclipseLogger - Copying 0 resource
2020-07-03 11:34:25,066 [Worker-3] WARN  o.e.m.c.i.embedder.EclipseLogger - Using platform encoding (Cp1252 actually) to copy filtered resources, i.e. build is platform dependent!
2020-07-03 11:34:25,068 [Worker-3] INFO  o.e.m.c.i.embedder.EclipseLogger - Copying 2 resources
2020-07-03 11:34:34,359 [Worker-15] WARN  o.e.m.c.i.embedder.EclipseLogger - Using platform encoding (Cp1252 actually) to copy filtered resources, i.e. build is platform dependent!
2020-07-03 11:34:34,361 [Worker-15] INFO  o.e.m.c.i.embedder.EclipseLogger - Copying 0 resource
2020-07-03 11:34:34,362 [Worker-15] WARN  o.e.m.c.i.embedder.EclipseLogger - Using platform encoding (Cp1252 actually) to copy filtered resources, i.e. build is platform dependent!
2020-07-03 11:34:34,364 [Worker-15] INFO  o.e.m.c.i.embedder.EclipseLogger - Copying 2 resources
2020-07-03 11:34:36,959 [Worker-3] WARN  o.e.m.c.i.embedder.EclipseLogger - Using platform encoding (Cp1252 actually) to copy filtered resources, i.e. build is platform dependent!
2020-07-03 11:34:36,960 [Worker-3] INFO  o.e.m.c.i.embedder.EclipseLogger - Copying 0 resource
2020-07-03 11:34:36,961 [Worker-3] WARN  o.e.m.c.i.embedder.EclipseLogger - Using platform encoding (Cp1252 actually) to copy filtered resources, i.e. build is platform dependent!
2020-07-03 11:34:36,963 [Worker-3] INFO  o.e.m.c.i.embedder.EclipseLogger - Copying 2 resources
2020-07-03 11:34:39,801 [Worker-16] WARN  o.e.m.c.i.embedder.EclipseLogger - Using platform encoding (Cp1252 actually) to copy filtered resources, i.e. build is platform dependent!
2020-07-03 11:34:39,803 [Worker-16] INFO  o.e.m.c.i.embedder.EclipseLogger - Copying 0 resource
2020-07-03 11:34:39,804 [Worker-16] WARN  o.e.m.c.i.embedder.EclipseLogger - Using platform encoding (Cp1252 actually) to copy filtered resources, i.e. build is platform dependent!
2020-07-03 11:34:39,805 [Worker-16] INFO  o.e.m.c.i.embedder.EclipseLogger - Copying 2 resources
2020-07-03 11:34:42,603 [Worker-15] WARN  o.e.m.c.i.embedder.EclipseLogger - Using platform encoding (Cp1252 actually) to copy filtered resources, i.e. build is platform dependent!
2020-07-03 11:34:42,605 [Worker-15] INFO  o.e.m.c.i.embedder.EclipseLogger - Copying 0 resource
2020-07-03 11:34:42,606 [Worker-15] WARN  o.e.m.c.i.embedder.EclipseLogger - Using platform encoding (Cp1252 actually) to copy filtered resources, i.e. build is platform dependent!
2020-07-03 11:34:42,608 [Worker-15] INFO  o.e.m.c.i.embedder.EclipseLogger - Copying 2 resources
2020-07-03 11:38:54,833 [Worker-18] WARN  o.e.m.c.i.embedder.EclipseLogger - Using platform encoding (Cp1252 actually) to copy filtered resources, i.e. build is platform dependent!
2020-07-03 11:38:54,835 [Worker-18] INFO  o.e.m.c.i.embedder.EclipseLogger - Copying 0 resource
2020-07-03 11:38:54,836 [Worker-18] WARN  o.e.m.c.i.embedder.EclipseLogger - Using platform encoding (Cp1252 actually) to copy filtered resources, i.e. build is platform dependent!
2020-07-03 11:38:54,838 [Worker-18] INFO  o.e.m.c.i.embedder.EclipseLogger - Copying 2 resources
2020-07-03 11:38:59,420 [Worker-19] WARN  o.e.r.models.ModelRepository - Failed to download org.eclipse.recommenders:index::zip:0.0.0
org.eclipse.aether.resolution.ArtifactResolutionException: Could not find artifact org.eclipse.recommenders:index:zip:0.0.0-SNAPSHOT in models (http://download.eclipse.org/recommenders/models/oxygen/)
	at org.eclipse.aether.internal.impl.DefaultArtifactResolver.resolve(DefaultArtifactResolver.java:453) ~[na:na]
	at org.eclipse.aether.internal.impl.DefaultArtifactResolver.resolveArtifacts(DefaultArtifactResolver.java:255) ~[na:na]
	at org.eclipse.aether.internal.impl.DefaultArtifactResolver.resolveArtifact(DefaultArtifactResolver.java:232) ~[na:na]
	at org.eclipse.aether.internal.impl.DefaultRepositorySystem.resolveArtifact(DefaultRepositorySystem.java:303) ~[na:na]
	at org.eclipse.recommenders.models.ModelRepository.resolveInternal(ModelRepository.java:193) [org.eclipse.recommenders.models_2.5.2.v20180401-1226.jar:na]
	at org.eclipse.recommenders.models.ModelRepository.resolve(ModelRepository.java:172) [org.eclipse.recommenders.models_2.5.2.v20180401-1226.jar:na]
	at org.eclipse.recommenders.internal.models.rcp.EclipseModelRepository.resolve(EclipseModelRepository.java:168) [org.eclipse.recommenders.models.rcp_2.5.2.v20180401-1226.jar:na]
	at org.eclipse.recommenders.internal.models.rcp.DownloadModelArchiveJob.run(DownloadModelArchiveJob.java:76) [org.eclipse.recommenders.models.rcp_2.5.2.v20180401-1226.jar:na]
	at org.eclipse.core.internal.jobs.Worker.run(Worker.java:56) [org.eclipse.core.jobs_3.9.3.v20180115-1757.jar:na]
Caused by: org.eclipse.aether.transfer.ArtifactNotFoundException: Could not find artifact org.eclipse.recommenders:index:zip:0.0.0-SNAPSHOT in models (http://download.eclipse.org/recommenders/models/oxygen/)
	at org.eclipse.aether.connector.basic.ArtifactTransportListener.transferFailed(ArtifactTransportListener.java:48) ~[org.apache.maven.resolver.connector.basic_1.0.3.v20170405-0725.jar:1.0.3]
	at org.eclipse.aether.connector.basic.BasicRepositoryConnector$TaskRunner.run(BasicRepositoryConnector.java:364) ~[org.apache.maven.resolver.connector.basic_1.0.3.v20170405-0725.jar:1.0.3]
	at org.eclipse.aether.util.concurrency.RunnableErrorForwarder$1.run(RunnableErrorForwarder.java:76) ~[na:na]
	at org.eclipse.aether.connector.basic.BasicRepositoryConnector$DirectExecutor.execute(BasicRepositoryConnector.java:590) ~[org.apache.maven.resolver.connector.basic_1.0.3.v20170405-0725.jar:1.0.3]
	at org.eclipse.aether.connector.basic.BasicRepositoryConnector.get(BasicRepositoryConnector.java:258) ~[org.apache.maven.resolver.connector.basic_1.0.3.v20170405-0725.jar:1.0.3]
	at org.eclipse.aether.internal.impl.DefaultArtifactResolver.performDownloads(DefaultArtifactResolver.java:529) ~[na:na]
	at org.eclipse.aether.internal.impl.DefaultArtifactResolver.resolve(DefaultArtifactResolver.java:430) ~[na:na]
	... 8 common frames omitted
2020-07-03 11:40:22,621 [Worker-5] WARN  o.e.m.c.i.embedder.EclipseLogger - Using platform encoding (Cp1252 actually) to copy filtered resources, i.e. build is platform dependent!
2020-07-03 11:40:22,624 [Worker-5] INFO  o.e.m.c.i.embedder.EclipseLogger - Copying 0 resource
2020-07-03 11:40:22,625 [Worker-5] WARN  o.e.m.c.i.embedder.EclipseLogger - Using platform encoding (Cp1252 actually) to copy filtered resources, i.e. build is platform dependent!
2020-07-03 11:40:22,627 [Worker-5] INFO  o.e.m.c.i.embedder.EclipseLogger - Copying 2 resources
2020-07-03 11:48:36,357 [Worker-20] WARN  o.e.m.c.i.embedder.EclipseLogger - Using platform encoding (Cp1252 actually) to copy filtered resources, i.e. build is platform dependent!
2020-07-03 11:48:36,360 [Worker-20] INFO  o.e.m.c.i.embedder.EclipseLogger - Copying 0 resource
2020-07-03 11:48:36,361 [Worker-20] WARN  o.e.m.c.i.embedder.EclipseLogger - Using platform encoding (Cp1252 actually) to copy filtered resources, i.e. build is platform dependent!
2020-07-03 11:48:36,363 [Worker-20] INFO  o.e.m.c.i.embedder.EclipseLogger - Copying 2 resources
2020-07-03 11:48:45,120 [Worker-19] WARN  o.e.m.c.i.embedder.EclipseLogger - Using platform encoding (Cp1252 actually) to copy filtered resources, i.e. build is platform dependent!
2020-07-03 11:48:45,121 [Worker-19] INFO  o.e.m.c.i.embedder.EclipseLogger - Copying 0 resource
2020-07-03 11:48:45,123 [Worker-19] WARN  o.e.m.c.i.embedder.EclipseLogger - Using platform encoding (Cp1252 actually) to copy filtered resources, i.e. build is platform dependent!
2020-07-03 11:48:45,124 [Worker-19] INFO  o.e.m.c.i.embedder.EclipseLogger - Copying 2 resources
2020-07-03 11:48:47,728 [Worker-20] WARN  o.e.m.c.i.embedder.EclipseLogger - Using platform encoding (Cp1252 actually) to copy filtered resources, i.e. build is platform dependent!
2020-07-03 11:48:47,729 [Worker-20] INFO  o.e.m.c.i.embedder.EclipseLogger - Copying 0 resource
2020-07-03 11:48:47,730 [Worker-20] WARN  o.e.m.c.i.embedder.EclipseLogger - Using platform encoding (Cp1252 actually) to copy filtered resources, i.e. build is platform dependent!
2020-07-03 11:48:47,732 [Worker-20] INFO  o.e.m.c.i.embedder.EclipseLogger - Copying 2 resources
2020-07-03 11:49:42,462 [Worker-21] WARN  o.e.m.c.i.embedder.EclipseLogger - Using platform encoding (Cp1252 actually) to copy filtered resources, i.e. build is platform dependent!
2020-07-03 11:49:42,464 [Worker-21] INFO  o.e.m.c.i.embedder.EclipseLogger - Copying 0 resource
2020-07-03 11:49:42,465 [Worker-21] WARN  o.e.m.c.i.embedder.EclipseLogger - Using platform encoding (Cp1252 actually) to copy filtered resources, i.e. build is platform dependent!
2020-07-03 11:49:42,467 [Worker-21] INFO  o.e.m.c.i.embedder.EclipseLogger - Copying 2 resources
2020-07-03 11:59:50,763 [Worker-25] WARN  o.e.m.c.i.embedder.EclipseLogger - Using platform encoding (Cp1252 actually) to copy filtered resources, i.e. build is platform dependent!
2020-07-03 11:59:50,765 [Worker-25] INFO  o.e.m.c.i.embedder.EclipseLogger - Copying 0 resource
2020-07-03 11:59:50,766 [Worker-25] WARN  o.e.m.c.i.embedder.EclipseLogger - Using platform encoding (Cp1252 actually) to copy filtered resources, i.e. build is platform dependent!
2020-07-03 11:59:50,768 [Worker-25] INFO  o.e.m.c.i.embedder.EclipseLogger - Copying 2 resources
2020-07-03 12:00:19,906 [Worker-24] WARN  o.e.m.c.i.embedder.EclipseLogger - Using platform encoding (Cp1252 actually) to copy filtered resources, i.e. build is platform dependent!
2020-07-03 12:00:19,907 [Worker-24] INFO  o.e.m.c.i.embedder.EclipseLogger - Copying 0 resource
2020-07-03 12:00:19,908 [Worker-24] WARN  o.e.m.c.i.embedder.EclipseLogger - Using platform encoding (Cp1252 actually) to copy filtered resources, i.e. build is platform dependent!
2020-07-03 12:00:19,910 [Worker-24] INFO  o.e.m.c.i.embedder.EclipseLogger - Copying 2 resources
2020-07-03 12:00:23,897 [Worker-24] WARN  o.e.m.c.i.embedder.EclipseLogger - Using platform encoding (Cp1252 actually) to copy filtered resources, i.e. build is platform dependent!
2020-07-03 12:00:23,899 [Worker-24] INFO  o.e.m.c.i.embedder.EclipseLogger - Copying 0 resource
2020-07-03 12:00:23,901 [Worker-24] WARN  o.e.m.c.i.embedder.EclipseLogger - Using platform encoding (Cp1252 actually) to copy filtered resources, i.e. build is platform dependent!
2020-07-03 12:00:23,902 [Worker-24] INFO  o.e.m.c.i.embedder.EclipseLogger - Copying 2 resources
2020-07-03 12:01:15,275 [Worker-22] WARN  o.e.m.c.i.embedder.EclipseLogger - Using platform encoding (Cp1252 actually) to copy filtered resources, i.e. build is platform dependent!
2020-07-03 12:01:15,277 [Worker-22] INFO  o.e.m.c.i.embedder.EclipseLogger - Copying 0 resource
2020-07-03 12:01:15,279 [Worker-22] WARN  o.e.m.c.i.embedder.EclipseLogger - Using platform encoding (Cp1252 actually) to copy filtered resources, i.e. build is platform dependent!
2020-07-03 12:01:15,280 [Worker-22] INFO  o.e.m.c.i.embedder.EclipseLogger - Copying 2 resources
2020-07-03 12:02:19,264 [Worker-24] WARN  o.e.m.c.i.embedder.EclipseLogger - Using platform encoding (Cp1252 actually) to copy filtered resources, i.e. build is platform dependent!
2020-07-03 12:02:19,266 [Worker-24] INFO  o.e.m.c.i.embedder.EclipseLogger - Copying 0 resource
2020-07-03 12:02:19,266 [Worker-24] WARN  o.e.m.c.i.embedder.EclipseLogger - Using platform encoding (Cp1252 actually) to copy filtered resources, i.e. build is platform dependent!
2020-07-03 12:02:19,268 [Worker-24] INFO  o.e.m.c.i.embedder.EclipseLogger - Copying 2 resources
2020-07-03 12:02:39,958 [Worker-24] WARN  o.e.m.c.i.embedder.EclipseLogger - Using platform encoding (Cp1252 actually) to copy filtered resources, i.e. build is platform dependent!
2020-07-03 12:02:39,960 [Worker-24] INFO  o.e.m.c.i.embedder.EclipseLogger - Copying 0 resource
2020-07-03 12:02:39,961 [Worker-24] WARN  o.e.m.c.i.embedder.EclipseLogger - Using platform encoding (Cp1252 actually) to copy filtered resources, i.e. build is platform dependent!
2020-07-03 12:02:39,962 [Worker-24] INFO  o.e.m.c.i.embedder.EclipseLogger - Copying 2 resources
2020-07-03 12:02:59,341 [Worker-26] WARN  o.e.m.c.i.embedder.EclipseLogger - Using platform encoding (Cp1252 actually) to copy filtered resources, i.e. build is platform dependent!
2020-07-03 12:02:59,343 [Worker-26] INFO  o.e.m.c.i.embedder.EclipseLogger - Copying 0 resource
2020-07-03 12:02:59,344 [Worker-26] WARN  o.e.m.c.i.embedder.EclipseLogger - Using platform encoding (Cp1252 actually) to copy filtered resources, i.e. build is platform dependent!
2020-07-03 12:02:59,346 [Worker-26] INFO  o.e.m.c.i.embedder.EclipseLogger - Copying 2 resources
2020-07-03 12:03:27,226 [Worker-23] WARN  o.e.m.c.i.embedder.EclipseLogger - Using platform encoding (Cp1252 actually) to copy filtered resources, i.e. build is platform dependent!
2020-07-03 12:03:27,227 [Worker-23] INFO  o.e.m.c.i.embedder.EclipseLogger - Copying 0 resource
2020-07-03 12:03:27,229 [Worker-23] WARN  o.e.m.c.i.embedder.EclipseLogger - Using platform encoding (Cp1252 actually) to copy filtered resources, i.e. build is platform dependent!
2020-07-03 12:03:27,231 [Worker-23] INFO  o.e.m.c.i.embedder.EclipseLogger - Copying 2 resources
2020-07-03 12:04:15,764 [Worker-25] WARN  o.e.m.c.i.embedder.EclipseLogger - Using platform encoding (Cp1252 actually) to copy filtered resources, i.e. build is platform dependent!
2020-07-03 12:04:15,767 [Worker-25] INFO  o.e.m.c.i.embedder.EclipseLogger - Copying 0 resource
2020-07-03 12:04:15,768 [Worker-25] WARN  o.e.m.c.i.embedder.EclipseLogger - Using platform encoding (Cp1252 actually) to copy filtered resources, i.e. build is platform dependent!
2020-07-03 12:04:15,769 [Worker-25] INFO  o.e.m.c.i.embedder.EclipseLogger - Copying 2 resources
2020-07-03 12:04:17,971 [Worker-22] WARN  o.e.m.c.i.embedder.EclipseLogger - Using platform encoding (Cp1252 actually) to copy filtered resources, i.e. build is platform dependent!
2020-07-03 12:04:17,972 [Worker-22] INFO  o.e.m.c.i.embedder.EclipseLogger - Copying 0 resource
2020-07-03 12:04:17,973 [Worker-22] WARN  o.e.m.c.i.embedder.EclipseLogger - Using platform encoding (Cp1252 actually) to copy filtered resources, i.e. build is platform dependent!
2020-07-03 12:04:17,975 [Worker-22] INFO  o.e.m.c.i.embedder.EclipseLogger - Copying 2 resources
2020-07-03 12:04:41,999 [Worker-25] WARN  o.e.m.c.i.embedder.EclipseLogger - Using platform encoding (Cp1252 actually) to copy filtered resources, i.e. build is platform dependent!
2020-07-03 12:04:42,000 [Worker-25] INFO  o.e.m.c.i.embedder.EclipseLogger - Copying 0 resource
2020-07-03 12:04:42,001 [Worker-25] WARN  o.e.m.c.i.embedder.EclipseLogger - Using platform encoding (Cp1252 actually) to copy filtered resources, i.e. build is platform dependent!
2020-07-03 12:04:42,002 [Worker-25] INFO  o.e.m.c.i.embedder.EclipseLogger - Copying 2 resources
2020-07-03 12:05:06,013 [Worker-23] WARN  o.e.m.c.i.embedder.EclipseLogger - Using platform encoding (Cp1252 actually) to copy filtered resources, i.e. build is platform dependent!
2020-07-03 12:05:06,015 [Worker-23] INFO  o.e.m.c.i.embedder.EclipseLogger - Copying 0 resource
2020-07-03 12:05:06,016 [Worker-23] WARN  o.e.m.c.i.embedder.EclipseLogger - Using platform encoding (Cp1252 actually) to copy filtered resources, i.e. build is platform dependent!
2020-07-03 12:05:06,018 [Worker-23] INFO  o.e.m.c.i.embedder.EclipseLogger - Copying 2 resources
2020-07-03 12:05:18,209 [Worker-23] WARN  o.e.m.c.i.embedder.EclipseLogger - Using platform encoding (Cp1252 actually) to copy filtered resources, i.e. build is platform dependent!
2020-07-03 12:05:18,210 [Worker-23] INFO  o.e.m.c.i.embedder.EclipseLogger - Copying 0 resource
2020-07-03 12:05:18,211 [Worker-23] WARN  o.e.m.c.i.embedder.EclipseLogger - Using platform encoding (Cp1252 actually) to copy filtered resources, i.e. build is platform dependent!
2020-07-03 12:05:18,212 [Worker-23] INFO  o.e.m.c.i.embedder.EclipseLogger - Copying 2 resources
2020-07-03 12:05:32,982 [Worker-23] WARN  o.e.m.c.i.embedder.EclipseLogger - Using platform encoding (Cp1252 actually) to copy filtered resources, i.e. build is platform dependent!
2020-07-03 12:05:32,983 [Worker-23] INFO  o.e.m.c.i.embedder.EclipseLogger - Copying 0 resource
2020-07-03 12:05:32,984 [Worker-23] WARN  o.e.m.c.i.embedder.EclipseLogger - Using platform encoding (Cp1252 actually) to copy filtered resources, i.e. build is platform dependent!
2020-07-03 12:05:32,985 [Worker-23] INFO  o.e.m.c.i.embedder.EclipseLogger - Copying 2 resources
2020-07-03 12:05:49,179 [Worker-22] WARN  o.e.m.c.i.embedder.EclipseLogger - Using platform encoding (Cp1252 actually) to copy filtered resources, i.e. build is platform dependent!
2020-07-03 12:05:49,181 [Worker-22] INFO  o.e.m.c.i.embedder.EclipseLogger - Copying 0 resource
2020-07-03 12:05:49,183 [Worker-22] WARN  o.e.m.c.i.embedder.EclipseLogger - Using platform encoding (Cp1252 actually) to copy filtered resources, i.e. build is platform dependent!
2020-07-03 12:05:49,184 [Worker-22] INFO  o.e.m.c.i.embedder.EclipseLogger - Copying 2 resources
2020-07-03 12:06:18,512 [Worker-26] WARN  o.e.m.c.i.embedder.EclipseLogger - Using platform encoding (Cp1252 actually) to copy filtered resources, i.e. build is platform dependent!
2020-07-03 12:06:18,513 [Worker-26] INFO  o.e.m.c.i.embedder.EclipseLogger - Copying 0 resource
2020-07-03 12:06:18,514 [Worker-26] WARN  o.e.m.c.i.embedder.EclipseLogger - Using platform encoding (Cp1252 actually) to copy filtered resources, i.e. build is platform dependent!
2020-07-03 12:06:18,516 [Worker-26] INFO  o.e.m.c.i.embedder.EclipseLogger - Copying 2 resources
2020-07-03 12:06:22,024 [Worker-26] WARN  o.e.m.c.i.embedder.EclipseLogger - Using platform encoding (Cp1252 actually) to copy filtered resources, i.e. build is platform dependent!
2020-07-03 12:06:22,026 [Worker-26] INFO  o.e.m.c.i.embedder.EclipseLogger - Copying 0 resource
2020-07-03 12:06:22,027 [Worker-26] WARN  o.e.m.c.i.embedder.EclipseLogger - Using platform encoding (Cp1252 actually) to copy filtered resources, i.e. build is platform dependent!
2020-07-03 12:06:22,029 [Worker-26] INFO  o.e.m.c.i.embedder.EclipseLogger - Copying 2 resources
2020-07-03 12:06:31,960 [Worker-22] WARN  o.e.m.c.i.embedder.EclipseLogger - Using platform encoding (Cp1252 actually) to copy filtered resources, i.e. build is platform dependent!
2020-07-03 12:06:31,961 [Worker-22] INFO  o.e.m.c.i.embedder.EclipseLogger - Copying 0 resource
2020-07-03 12:06:31,962 [Worker-22] WARN  o.e.m.c.i.embedder.EclipseLogger - Using platform encoding (Cp1252 actually) to copy filtered resources, i.e. build is platform dependent!
2020-07-03 12:06:31,964 [Worker-22] INFO  o.e.m.c.i.embedder.EclipseLogger - Copying 2 resources
2020-07-03 12:07:27,154 [Worker-25] WARN  o.e.m.c.i.embedder.EclipseLogger - Using platform encoding (Cp1252 actually) to copy filtered resources, i.e. build is platform dependent!
2020-07-03 12:07:27,155 [Worker-25] INFO  o.e.m.c.i.embedder.EclipseLogger - Copying 0 resource
2020-07-03 12:07:27,156 [Worker-25] WARN  o.e.m.c.i.embedder.EclipseLogger - Using platform encoding (Cp1252 actually) to copy filtered resources, i.e. build is platform dependent!
2020-07-03 12:07:27,157 [Worker-25] INFO  o.e.m.c.i.embedder.EclipseLogger - Copying 2 resources
2020-07-03 12:08:18,436 [Worker-30] WARN  o.e.m.c.i.embedder.EclipseLogger - Using platform encoding (Cp1252 actually) to copy filtered resources, i.e. build is platform dependent!
2020-07-03 12:08:18,437 [Worker-30] INFO  o.e.m.c.i.embedder.EclipseLogger - Copying 0 resource
2020-07-03 12:08:18,438 [Worker-30] WARN  o.e.m.c.i.embedder.EclipseLogger - Using platform encoding (Cp1252 actually) to copy filtered resources, i.e. build is platform dependent!
2020-07-03 12:08:18,439 [Worker-30] INFO  o.e.m.c.i.embedder.EclipseLogger - Copying 2 resources
2020-07-03 12:08:41,589 [Worker-26] WARN  o.e.m.c.i.embedder.EclipseLogger - Using platform encoding (Cp1252 actually) to copy filtered resources, i.e. build is platform dependent!
2020-07-03 12:08:41,591 [Worker-26] INFO  o.e.m.c.i.embedder.EclipseLogger - Copying 0 resource
2020-07-03 12:08:41,592 [Worker-26] WARN  o.e.m.c.i.embedder.EclipseLogger - Using platform encoding (Cp1252 actually) to copy filtered resources, i.e. build is platform dependent!
2020-07-03 12:08:41,594 [Worker-26] INFO  o.e.m.c.i.embedder.EclipseLogger - Copying 2 resources
2020-07-03 12:09:00,575 [Worker-26] WARN  o.e.m.c.i.embedder.EclipseLogger - Using platform encoding (Cp1252 actually) to copy filtered resources, i.e. build is platform dependent!
2020-07-03 12:09:00,577 [Worker-26] INFO  o.e.m.c.i.embedder.EclipseLogger - Copying 0 resource
2020-07-03 12:09:00,578 [Worker-26] WARN  o.e.m.c.i.embedder.EclipseLogger - Using platform encoding (Cp1252 actually) to copy filtered resources, i.e. build is platform dependent!
2020-07-03 12:09:00,580 [Worker-26] INFO  o.e.m.c.i.embedder.EclipseLogger - Copying 2 resources
2020-07-03 12:09:19,988 [Worker-25] WARN  o.e.m.c.i.embedder.EclipseLogger - Using platform encoding (Cp1252 actually) to copy filtered resources, i.e. build is platform dependent!
2020-07-03 12:09:19,990 [Worker-25] INFO  o.e.m.c.i.embedder.EclipseLogger - Copying 0 resource
2020-07-03 12:09:19,991 [Worker-25] WARN  o.e.m.c.i.embedder.EclipseLogger - Using platform encoding (Cp1252 actually) to copy filtered resources, i.e. build is platform dependent!
2020-07-03 12:09:19,992 [Worker-25] INFO  o.e.m.c.i.embedder.EclipseLogger - Copying 1 resource
2020-07-03 12:09:26,553 [Worker-25] WARN  o.e.m.c.i.embedder.EclipseLogger - Using platform encoding (Cp1252 actually) to copy filtered resources, i.e. build is platform dependent!
2020-07-03 12:09:26,554 [Worker-25] INFO  o.e.m.c.i.embedder.EclipseLogger - Copying 0 resource
2020-07-03 12:09:26,555 [Worker-25] WARN  o.e.m.c.i.embedder.EclipseLogger - Using platform encoding (Cp1252 actually) to copy filtered resources, i.e. build is platform dependent!
2020-07-03 12:09:26,556 [Worker-25] INFO  o.e.m.c.i.embedder.EclipseLogger - Copying 1 resource
2020-07-03 12:10:16,782 [Worker-61] WARN  o.e.m.c.i.embedder.EclipseLogger - Using platform encoding (Cp1252 actually) to copy filtered resources, i.e. build is platform dependent!
2020-07-03 12:10:16,783 [Worker-61] INFO  o.e.m.c.i.embedder.EclipseLogger - Copying 0 resource
2020-07-03 12:10:16,784 [Worker-61] WARN  o.e.m.c.i.embedder.EclipseLogger - Using platform encoding (Cp1252 actually) to copy filtered resources, i.e. build is platform dependent!
2020-07-03 12:10:16,785 [Worker-61] INFO  o.e.m.c.i.embedder.EclipseLogger - Copying 0 resource
2020-07-03 12:11:04,353 [Worker-335] WARN  o.e.m.c.i.embedder.EclipseLogger - Using platform encoding (Cp1252 actually) to copy filtered resources, i.e. build is platform dependent!
2020-07-03 12:11:04,354 [Worker-335] INFO  o.e.m.c.i.embedder.EclipseLogger - Copying 0 resource
2020-07-03 12:11:04,356 [Worker-335] WARN  o.e.m.c.i.embedder.EclipseLogger - Using platform encoding (Cp1252 actually) to copy filtered resources, i.e. build is platform dependent!
2020-07-03 12:11:04,357 [Worker-335] INFO  o.e.m.c.i.embedder.EclipseLogger - Copying 1 resource
2020-07-03 12:12:43,399 [Worker-843] WARN  o.e.m.c.i.embedder.EclipseLogger - Using platform encoding (Cp1252 actually) to copy filtered resources, i.e. build is platform dependent!
2020-07-03 12:12:43,401 [Worker-843] INFO  o.e.m.c.i.embedder.EclipseLogger - Copying 0 resource
2020-07-03 12:12:43,403 [Worker-843] WARN  o.e.m.c.i.embedder.EclipseLogger - Using platform encoding (Cp1252 actually) to copy filtered resources, i.e. build is platform dependent!
2020-07-03 12:12:43,404 [Worker-843] INFO  o.e.m.c.i.embedder.EclipseLogger - Copying 1 resource
2020-07-03 12:13:23,477 [Worker-885] WARN  o.e.m.c.i.embedder.EclipseLogger - Using platform encoding (Cp1252 actually) to copy filtered resources, i.e. build is platform dependent!
2020-07-03 12:13:23,478 [Worker-885] INFO  o.e.m.c.i.embedder.EclipseLogger - Copying 0 resource
2020-07-03 12:13:23,479 [Worker-885] WARN  o.e.m.c.i.embedder.EclipseLogger - Using platform encoding (Cp1252 actually) to copy filtered resources, i.e. build is platform dependent!
2020-07-03 12:13:23,481 [Worker-885] INFO  o.e.m.c.i.embedder.EclipseLogger - Copying 1 resource
2020-07-03 12:13:39,081 [Worker-999] WARN  o.e.m.c.i.embedder.EclipseLogger - Using platform encoding (Cp1252 actually) to copy filtered resources, i.e. build is platform dependent!
2020-07-03 12:13:39,082 [Worker-999] INFO  o.e.m.c.i.embedder.EclipseLogger - Copying 0 resource
2020-07-03 12:13:39,084 [Worker-999] WARN  o.e.m.c.i.embedder.EclipseLogger - Using platform encoding (Cp1252 actually) to copy filtered resources, i.e. build is platform dependent!
2020-07-03 12:13:39,086 [Worker-999] INFO  o.e.m.c.i.embedder.EclipseLogger - Copying 1 resource
2020-07-03 12:14:01,491 [Worker-1022] WARN  o.e.m.c.i.embedder.EclipseLogger - Using platform encoding (Cp1252 actually) to copy filtered resources, i.e. build is platform dependent!
2020-07-03 12:14:01,494 [Worker-1022] INFO  o.e.m.c.i.embedder.EclipseLogger - Copying 0 resource
2020-07-03 12:14:01,495 [Worker-1022] WARN  o.e.m.c.i.embedder.EclipseLogger - Using platform encoding (Cp1252 actually) to copy filtered resources, i.e. build is platform dependent!
2020-07-03 12:14:01,497 [Worker-1022] INFO  o.e.m.c.i.embedder.EclipseLogger - Copying 1 resource
2020-07-03 12:14:20,696 [Worker-1081] WARN  o.e.m.c.i.embedder.EclipseLogger - Using platform encoding (Cp1252 actually) to copy filtered resources, i.e. build is platform dependent!
2020-07-03 12:14:20,697 [Worker-1081] INFO  o.e.m.c.i.embedder.EclipseLogger - Copying 0 resource
2020-07-03 12:14:20,698 [Worker-1081] WARN  o.e.m.c.i.embedder.EclipseLogger - Using platform encoding (Cp1252 actually) to copy filtered resources, i.e. build is platform dependent!
2020-07-03 12:14:20,699 [Worker-1081] INFO  o.e.m.c.i.embedder.EclipseLogger - Copying 1 resource
2020-07-03 12:15:47,039 [Worker-1152] WARN  o.e.m.c.i.embedder.EclipseLogger - Using platform encoding (Cp1252 actually) to copy filtered resources, i.e. build is platform dependent!
2020-07-03 12:15:47,041 [Worker-1152] INFO  o.e.m.c.i.embedder.EclipseLogger - Copying 0 resource
2020-07-03 12:15:47,042 [Worker-1152] WARN  o.e.m.c.i.embedder.EclipseLogger - Using platform encoding (Cp1252 actually) to copy filtered resources, i.e. build is platform dependent!
2020-07-03 12:15:47,044 [Worker-1152] INFO  o.e.m.c.i.embedder.EclipseLogger - Copying 0 resource
2020-07-03 12:15:49,285 [Worker-1161] WARN  o.e.m.c.i.embedder.EclipseLogger - Using platform encoding (Cp1252 actually) to copy filtered resources, i.e. build is platform dependent!
2020-07-03 12:15:49,305 [Worker-1161] INFO  o.e.m.c.i.embedder.EclipseLogger - Copying 0 resource
2020-07-03 12:15:49,307 [Worker-1161] WARN  o.e.m.c.i.embedder.EclipseLogger - Using platform encoding (Cp1252 actually) to copy filtered resources, i.e. build is platform dependent!
2020-07-03 12:15:49,309 [Worker-1161] INFO  o.e.m.c.i.embedder.EclipseLogger - Copying 1 resource
2020-07-03 12:16:20,997 [Worker-1220] WARN  o.e.m.c.i.embedder.EclipseLogger - Using platform encoding (Cp1252 actually) to copy filtered resources, i.e. build is platform dependent!
2020-07-03 12:16:21,000 [Worker-1220] INFO  o.e.m.c.i.embedder.EclipseLogger - Copying 0 resource
2020-07-03 12:16:21,001 [Worker-1220] WARN  o.e.m.c.i.embedder.EclipseLogger - Using platform encoding (Cp1252 actually) to copy filtered resources, i.e. build is platform dependent!
2020-07-03 12:16:21,002 [Worker-1220] INFO  o.e.m.c.i.embedder.EclipseLogger - Copying 1 resource
2020-07-03 12:16:22,139 [Worker-1240] WARN  o.e.m.c.i.embedder.EclipseLogger - Using platform encoding (Cp1252 actually) to copy filtered resources, i.e. build is platform dependent!
2020-07-03 12:16:22,140 [Worker-1240] INFO  o.e.m.c.i.embedder.EclipseLogger - Copying 0 resource
2020-07-03 12:16:22,141 [Worker-1240] WARN  o.e.m.c.i.embedder.EclipseLogger - Using platform encoding (Cp1252 actually) to copy filtered resources, i.e. build is platform dependent!
2020-07-03 12:16:22,142 [Worker-1240] INFO  o.e.m.c.i.embedder.EclipseLogger - Copying 1 resource
2020-07-03 12:16:25,734 [Worker-1258] WARN  o.e.m.c.i.embedder.EclipseLogger - Using platform encoding (Cp1252 actually) to copy filtered resources, i.e. build is platform dependent!
2020-07-03 12:16:25,735 [Worker-1258] INFO  o.e.m.c.i.embedder.EclipseLogger - Copying 0 resource
2020-07-03 12:16:25,736 [Worker-1258] WARN  o.e.m.c.i.embedder.EclipseLogger - Using platform encoding (Cp1252 actually) to copy filtered resources, i.e. build is platform dependent!
2020-07-03 12:16:25,738 [Worker-1258] INFO  o.e.m.c.i.embedder.EclipseLogger - Copying 1 resource
2020-07-03 12:16:55,622 [Worker-1292] WARN  o.e.m.c.i.embedder.EclipseLogger - Using platform encoding (Cp1252 actually) to copy filtered resources, i.e. build is platform dependent!
2020-07-03 12:16:55,625 [Worker-1292] INFO  o.e.m.c.i.embedder.EclipseLogger - Copying 0 resource
2020-07-03 12:16:55,626 [Worker-1292] WARN  o.e.m.c.i.embedder.EclipseLogger - Using platform encoding (Cp1252 actually) to copy filtered resources, i.e. build is platform dependent!
2020-07-03 12:16:55,628 [Worker-1292] INFO  o.e.m.c.i.embedder.EclipseLogger - Copying 1 resource
2020-07-03 12:18:14,129 [Worker-1336] WARN  o.e.m.c.i.embedder.EclipseLogger - Using platform encoding (Cp1252 actually) to copy filtered resources, i.e. build is platform dependent!
2020-07-03 12:18:14,132 [Worker-1336] INFO  o.e.m.c.i.embedder.EclipseLogger - Copying 0 resource
2020-07-03 12:18:14,133 [Worker-1336] WARN  o.e.m.c.i.embedder.EclipseLogger - Using platform encoding (Cp1252 actually) to copy filtered resources, i.e. build is platform dependent!
2020-07-03 12:18:14,135 [Worker-1336] INFO  o.e.m.c.i.embedder.EclipseLogger - Copying 1 resource
2020-07-03 12:18:21,595 [Worker-1357] WARN  o.e.m.c.i.embedder.EclipseLogger - Using platform encoding (Cp1252 actually) to copy filtered resources, i.e. build is platform dependent!
2020-07-03 12:18:21,597 [Worker-1357] INFO  o.e.m.c.i.embedder.EclipseLogger - Copying 0 resource
2020-07-03 12:18:21,597 [Worker-1357] WARN  o.e.m.c.i.embedder.EclipseLogger - Using platform encoding (Cp1252 actually) to copy filtered resources, i.e. build is platform dependent!
2020-07-03 12:18:21,599 [Worker-1357] INFO  o.e.m.c.i.embedder.EclipseLogger - Copying 1 resource
2020-07-03 12:21:32,134 [Worker-1405] WARN  o.e.m.c.i.embedder.EclipseLogger - Using platform encoding (Cp1252 actually) to copy filtered resources, i.e. build is platform dependent!
2020-07-03 12:21:32,140 [Worker-1405] INFO  o.e.m.c.i.embedder.EclipseLogger - Copying 0 resource
2020-07-03 12:21:32,141 [Worker-1405] WARN  o.e.m.c.i.embedder.EclipseLogger - Using platform encoding (Cp1252 actually) to copy filtered resources, i.e. build is platform dependent!
2020-07-03 12:21:32,143 [Worker-1405] INFO  o.e.m.c.i.embedder.EclipseLogger - Copying 1 resource
2020-07-03 12:22:34,813 [Worker-1418] WARN  o.e.m.c.i.embedder.EclipseLogger - Using platform encoding (Cp1252 actually) to copy filtered resources, i.e. build is platform dependent!
2020-07-03 12:22:34,816 [Worker-1418] INFO  o.e.m.c.i.embedder.EclipseLogger - Copying 0 resource
2020-07-03 12:22:34,821 [Worker-1418] WARN  o.e.m.c.i.embedder.EclipseLogger - Using platform encoding (Cp1252 actually) to copy filtered resources, i.e. build is platform dependent!
2020-07-03 12:22:34,823 [Worker-1418] INFO  o.e.m.c.i.embedder.EclipseLogger - Copying 1 resource
2020-07-03 12:22:54,316 [Worker-1434] WARN  o.e.m.c.i.embedder.EclipseLogger - Using platform encoding (Cp1252 actually) to copy filtered resources, i.e. build is platform dependent!
2020-07-03 12:22:54,318 [Worker-1434] INFO  o.e.m.c.i.embedder.EclipseLogger - Copying 0 resource
2020-07-03 12:22:54,320 [Worker-1434] WARN  o.e.m.c.i.embedder.EclipseLogger - Using platform encoding (Cp1252 actually) to copy filtered resources, i.e. build is platform dependent!
2020-07-03 12:22:54,321 [Worker-1434] INFO  o.e.m.c.i.embedder.EclipseLogger - Copying 1 resource
2020-07-03 12:23:08,866 [Worker-1439] WARN  o.e.m.c.i.embedder.EclipseLogger - Using platform encoding (Cp1252 actually) to copy filtered resources, i.e. build is platform dependent!
2020-07-03 12:23:08,868 [Worker-1439] INFO  o.e.m.c.i.embedder.EclipseLogger - Copying 0 resource
2020-07-03 12:23:08,869 [Worker-1439] WARN  o.e.m.c.i.embedder.EclipseLogger - Using platform encoding (Cp1252 actually) to copy filtered resources, i.e. build is platform dependent!
2020-07-03 12:23:08,871 [Worker-1439] INFO  o.e.m.c.i.embedder.EclipseLogger - Copying 1 resource
2020-07-03 12:23:24,693 [Worker-1446] WARN  o.e.m.c.i.embedder.EclipseLogger - Using platform encoding (Cp1252 actually) to copy filtered resources, i.e. build is platform dependent!
2020-07-03 12:23:24,695 [Worker-1446] INFO  o.e.m.c.i.embedder.EclipseLogger - Copying 0 resource
2020-07-03 12:23:24,696 [Worker-1446] WARN  o.e.m.c.i.embedder.EclipseLogger - Using platform encoding (Cp1252 actually) to copy filtered resources, i.e. build is platform dependent!
2020-07-03 12:23:24,698 [Worker-1446] INFO  o.e.m.c.i.embedder.EclipseLogger - Copying 1 resource
2020-07-03 12:23:41,009 [Worker-1490] WARN  o.e.m.c.i.embedder.EclipseLogger - Using platform encoding (Cp1252 actually) to copy filtered resources, i.e. build is platform dependent!
2020-07-03 12:23:41,011 [Worker-1490] INFO  o.e.m.c.i.embedder.EclipseLogger - Copying 0 resource
2020-07-03 12:23:41,013 [Worker-1490] WARN  o.e.m.c.i.embedder.EclipseLogger - Using platform encoding (Cp1252 actually) to copy filtered resources, i.e. build is platform dependent!
2020-07-03 12:23:41,014 [Worker-1490] INFO  o.e.m.c.i.embedder.EclipseLogger - Copying 1 resource
2020-07-03 12:24:54,592 [Worker-1560] WARN  o.e.m.c.i.embedder.EclipseLogger - Using platform encoding (Cp1252 actually) to copy filtered resources, i.e. build is platform dependent!
2020-07-03 12:24:54,594 [Worker-1560] INFO  o.e.m.c.i.embedder.EclipseLogger - Copying 0 resource
2020-07-03 12:24:54,594 [Worker-1560] WARN  o.e.m.c.i.embedder.EclipseLogger - Using platform encoding (Cp1252 actually) to copy filtered resources, i.e. build is platform dependent!
2020-07-03 12:24:54,596 [Worker-1560] INFO  o.e.m.c.i.embedder.EclipseLogger - Copying 1 resource
2020-07-03 12:27:38,022 [Worker-1630] WARN  o.e.m.c.i.embedder.EclipseLogger - Using platform encoding (Cp1252 actually) to copy filtered resources, i.e. build is platform dependent!
2020-07-03 12:27:38,025 [Worker-1630] INFO  o.e.m.c.i.embedder.EclipseLogger - Copying 0 resource
2020-07-03 12:27:38,026 [Worker-1630] WARN  o.e.m.c.i.embedder.EclipseLogger - Using platform encoding (Cp1252 actually) to copy filtered resources, i.e. build is platform dependent!
2020-07-03 12:27:38,028 [Worker-1630] INFO  o.e.m.c.i.embedder.EclipseLogger - Copying 1 resource
2020-07-03 12:27:59,954 [Worker-1686] WARN  o.e.m.c.i.embedder.EclipseLogger - Using platform encoding (Cp1252 actually) to copy filtered resources, i.e. build is platform dependent!
2020-07-03 12:27:59,955 [Worker-1686] INFO  o.e.m.c.i.embedder.EclipseLogger - Copying 0 resource
2020-07-03 12:27:59,956 [Worker-1686] WARN  o.e.m.c.i.embedder.EclipseLogger - Using platform encoding (Cp1252 actually) to copy filtered resources, i.e. build is platform dependent!
2020-07-03 12:27:59,958 [Worker-1686] INFO  o.e.m.c.i.embedder.EclipseLogger - Copying 1 resource
2020-07-03 12:31:31,135 [Worker-1771] WARN  o.e.m.c.i.embedder.EclipseLogger - Using platform encoding (Cp1252 actually) to copy filtered resources, i.e. build is platform dependent!
2020-07-03 12:31:31,138 [Worker-1771] INFO  o.e.m.c.i.embedder.EclipseLogger - Copying 0 resource
2020-07-03 12:31:31,138 [Worker-1771] WARN  o.e.m.c.i.embedder.EclipseLogger - Using platform encoding (Cp1252 actually) to copy filtered resources, i.e. build is platform dependent!
2020-07-03 12:31:31,140 [Worker-1771] INFO  o.e.m.c.i.embedder.EclipseLogger - Copying 1 resource
2020-07-03 12:31:50,089 [Worker-1811] WARN  o.e.m.c.i.embedder.EclipseLogger - Using platform encoding (Cp1252 actually) to copy filtered resources, i.e. build is platform dependent!
2020-07-03 12:31:50,090 [Worker-1811] INFO  o.e.m.c.i.embedder.EclipseLogger - Copying 0 resource
2020-07-03 12:31:50,091 [Worker-1811] WARN  o.e.m.c.i.embedder.EclipseLogger - Using platform encoding (Cp1252 actually) to copy filtered resources, i.e. build is platform dependent!
2020-07-03 12:31:50,092 [Worker-1811] INFO  o.e.m.c.i.embedder.EclipseLogger - Copying 1 resource
2020-07-03 12:34:02,652 [Worker-1913] WARN  o.e.m.c.i.embedder.EclipseLogger - Using platform encoding (Cp1252 actually) to copy filtered resources, i.e. build is platform dependent!
2020-07-03 12:34:02,654 [Worker-1913] INFO  o.e.m.c.i.embedder.EclipseLogger - Copying 0 resource
2020-07-03 12:34:02,655 [Worker-1913] WARN  o.e.m.c.i.embedder.EclipseLogger - Using platform encoding (Cp1252 actually) to copy filtered resources, i.e. build is platform dependent!
2020-07-03 12:34:02,657 [Worker-1913] INFO  o.e.m.c.i.embedder.EclipseLogger - Copying 1 resource
2020-07-03 12:35:22,258 [Worker-1995] WARN  o.e.m.c.i.embedder.EclipseLogger - Using platform encoding (Cp1252 actually) to copy filtered resources, i.e. build is platform dependent!
2020-07-03 12:35:22,262 [Worker-1995] INFO  o.e.m.c.i.embedder.EclipseLogger - Copying 0 resource
2020-07-03 12:35:22,263 [Worker-1995] WARN  o.e.m.c.i.embedder.EclipseLogger - Using platform encoding (Cp1252 actually) to copy filtered resources, i.e. build is platform dependent!
2020-07-03 12:35:22,264 [Worker-1995] INFO  o.e.m.c.i.embedder.EclipseLogger - Copying 1 resource
2020-07-03 12:35:29,653 [Worker-2014] WARN  o.e.m.c.i.embedder.EclipseLogger - Using platform encoding (Cp1252 actually) to copy filtered resources, i.e. build is platform dependent!
2020-07-03 12:35:29,655 [Worker-2014] INFO  o.e.m.c.i.embedder.EclipseLogger - Copying 0 resource
2020-07-03 12:35:29,656 [Worker-2014] WARN  o.e.m.c.i.embedder.EclipseLogger - Using platform encoding (Cp1252 actually) to copy filtered resources, i.e. build is platform dependent!
2020-07-03 12:35:29,657 [Worker-2014] INFO  o.e.m.c.i.embedder.EclipseLogger - Copying 1 resource
2020-07-03 12:35:45,999 [Worker-2040] WARN  o.e.m.c.i.embedder.EclipseLogger - Using platform encoding (Cp1252 actually) to copy filtered resources, i.e. build is platform dependent!
2020-07-03 12:35:46,002 [Worker-2040] INFO  o.e.m.c.i.embedder.EclipseLogger - Copying 0 resource
2020-07-03 12:35:46,003 [Worker-2040] WARN  o.e.m.c.i.embedder.EclipseLogger - Using platform encoding (Cp1252 actually) to copy filtered resources, i.e. build is platform dependent!
2020-07-03 12:35:46,006 [Worker-2040] INFO  o.e.m.c.i.embedder.EclipseLogger - Copying 0 resource
2020-07-03 12:37:22,601 [Worker-2134] WARN  o.e.m.c.i.embedder.EclipseLogger - Using platform encoding (Cp1252 actually) to copy filtered resources, i.e. build is platform dependent!
2020-07-03 12:37:22,603 [Worker-2134] INFO  o.e.m.c.i.embedder.EclipseLogger - Copying 0 resource
2020-07-03 12:37:22,604 [Worker-2134] WARN  o.e.m.c.i.embedder.EclipseLogger - Using platform encoding (Cp1252 actually) to copy filtered resources, i.e. build is platform dependent!
2020-07-03 12:37:22,607 [Worker-2134] INFO  o.e.m.c.i.embedder.EclipseLogger - Copying 1 resource
2020-07-03 12:37:54,016 [Worker-2195] WARN  o.e.m.c.i.embedder.EclipseLogger - Using platform encoding (Cp1252 actually) to copy filtered resources, i.e. build is platform dependent!
2020-07-03 12:37:54,019 [Worker-2195] INFO  o.e.m.c.i.embedder.EclipseLogger - Copying 0 resource
2020-07-03 12:37:54,020 [Worker-2195] WARN  o.e.m.c.i.embedder.EclipseLogger - Using platform encoding (Cp1252 actually) to copy filtered resources, i.e. build is platform dependent!
2020-07-03 12:37:54,022 [Worker-2195] INFO  o.e.m.c.i.embedder.EclipseLogger - Copying 0 resource
2020-07-03 12:40:44,620 [Worker-2304] WARN  o.e.m.c.i.embedder.EclipseLogger - Using platform encoding (Cp1252 actually) to copy filtered resources, i.e. build is platform dependent!
2020-07-03 12:40:44,622 [Worker-2304] INFO  o.e.m.c.i.embedder.EclipseLogger - Copying 0 resource
2020-07-03 12:40:44,623 [Worker-2304] WARN  o.e.m.c.i.embedder.EclipseLogger - Using platform encoding (Cp1252 actually) to copy filtered resources, i.e. build is platform dependent!
2020-07-03 12:40:44,624 [Worker-2304] INFO  o.e.m.c.i.embedder.EclipseLogger - Copying 1 resource
2020-07-03 12:41:38,452 [Worker-2375] WARN  o.e.m.c.i.embedder.EclipseLogger - Using platform encoding (Cp1252 actually) to copy filtered resources, i.e. build is platform dependent!
2020-07-03 12:41:38,457 [Worker-2375] INFO  o.e.m.c.i.embedder.EclipseLogger - Copying 0 resource
2020-07-03 12:41:38,478 [Worker-2375] WARN  o.e.m.c.i.embedder.EclipseLogger - Using platform encoding (Cp1252 actually) to copy filtered resources, i.e. build is platform dependent!
2020-07-03 12:41:38,480 [Worker-2375] INFO  o.e.m.c.i.embedder.EclipseLogger - Copying 0 resource
2020-07-03 12:46:46,007 [Worker-2436] WARN  o.e.m.c.i.embedder.EclipseLogger - Using platform encoding (Cp1252 actually) to copy filtered resources, i.e. build is platform dependent!
2020-07-03 12:46:46,010 [Worker-2436] INFO  o.e.m.c.i.embedder.EclipseLogger - Copying 0 resource
2020-07-03 12:46:46,011 [Worker-2436] WARN  o.e.m.c.i.embedder.EclipseLogger - Using platform encoding (Cp1252 actually) to copy filtered resources, i.e. build is platform dependent!
2020-07-03 12:46:46,012 [Worker-2436] INFO  o.e.m.c.i.embedder.EclipseLogger - Copying 1 resource
2020-07-03 12:48:57,721 [Worker-2778] WARN  o.e.m.c.i.embedder.EclipseLogger - Using platform encoding (Cp1252 actually) to copy filtered resources, i.e. build is platform dependent!
2020-07-03 12:48:57,724 [Worker-2778] INFO  o.e.m.c.i.embedder.EclipseLogger - Copying 0 resource
2020-07-03 12:48:57,730 [Worker-2778] WARN  o.e.m.c.i.embedder.EclipseLogger - Using platform encoding (Cp1252 actually) to copy filtered resources, i.e. build is platform dependent!
2020-07-03 12:48:57,731 [Worker-2778] INFO  o.e.m.c.i.embedder.EclipseLogger - Copying 1 resource
2020-07-03 12:49:11,099 [Worker-2795] WARN  o.e.m.c.i.embedder.EclipseLogger - Using platform encoding (Cp1252 actually) to copy filtered resources, i.e. build is platform dependent!
2020-07-03 12:49:11,104 [Worker-2795] INFO  o.e.m.c.i.embedder.EclipseLogger - Copying 0 resource
2020-07-03 12:49:11,105 [Worker-2795] WARN  o.e.m.c.i.embedder.EclipseLogger - Using platform encoding (Cp1252 actually) to copy filtered resources, i.e. build is platform dependent!
2020-07-03 12:49:11,107 [Worker-2795] INFO  o.e.m.c.i.embedder.EclipseLogger - Copying 2 resources
2020-07-03 12:49:33,898 [Worker-2817] WARN  o.e.m.c.i.embedder.EclipseLogger - Using platform encoding (Cp1252 actually) to copy filtered resources, i.e. build is platform dependent!
2020-07-03 12:49:33,900 [Worker-2817] INFO  o.e.m.c.i.embedder.EclipseLogger - Copying 0 resource
2020-07-03 12:49:33,901 [Worker-2817] WARN  o.e.m.c.i.embedder.EclipseLogger - Using platform encoding (Cp1252 actually) to copy filtered resources, i.e. build is platform dependent!
2020-07-03 12:49:33,903 [Worker-2817] INFO  o.e.m.c.i.embedder.EclipseLogger - Copying 1 resource
2020-07-03 12:50:14,402 [Worker-2878] WARN  o.e.m.c.i.embedder.EclipseLogger - Using platform encoding (Cp1252 actually) to copy filtered resources, i.e. build is platform dependent!
2020-07-03 12:50:14,404 [Worker-2878] INFO  o.e.m.c.i.embedder.EclipseLogger - Copying 0 resource
2020-07-03 12:50:14,405 [Worker-2878] WARN  o.e.m.c.i.embedder.EclipseLogger - Using platform encoding (Cp1252 actually) to copy filtered resources, i.e. build is platform dependent!
2020-07-03 12:50:14,407 [Worker-2878] INFO  o.e.m.c.i.embedder.EclipseLogger - Copying 2 resources
2020-07-03 12:50:41,315 [Worker-3076] WARN  o.e.m.c.i.embedder.EclipseLogger - Using platform encoding (Cp1252 actually) to copy filtered resources, i.e. build is platform dependent!
2020-07-03 12:50:41,316 [Worker-3076] INFO  o.e.m.c.i.embedder.EclipseLogger - Copying 0 resource
2020-07-03 12:50:41,317 [Worker-3076] WARN  o.e.m.c.i.embedder.EclipseLogger - Using platform encoding (Cp1252 actually) to copy filtered resources, i.e. build is platform dependent!
2020-07-03 12:50:41,318 [Worker-3076] INFO  o.e.m.c.i.embedder.EclipseLogger - Copying 2 resources
2020-07-03 12:51:52,194 [Worker-3210] WARN  o.e.m.c.i.embedder.EclipseLogger - Using platform encoding (Cp1252 actually) to copy filtered resources, i.e. build is platform dependent!
2020-07-03 12:51:52,196 [Worker-3210] INFO  o.e.m.c.i.embedder.EclipseLogger - Copying 0 resource
2020-07-03 12:51:52,197 [Worker-3210] WARN  o.e.m.c.i.embedder.EclipseLogger - Using platform encoding (Cp1252 actually) to copy filtered resources, i.e. build is platform dependent!
2020-07-03 12:51:52,199 [Worker-3210] INFO  o.e.m.c.i.embedder.EclipseLogger - Copying 2 resources
2020-07-03 12:52:03,805 [Worker-3239] WARN  o.e.m.c.i.embedder.EclipseLogger - Using platform encoding (Cp1252 actually) to copy filtered resources, i.e. build is platform dependent!
2020-07-03 12:52:03,806 [Worker-3239] INFO  o.e.m.c.i.embedder.EclipseLogger - Copying 0 resource
2020-07-03 12:52:03,807 [Worker-3239] WARN  o.e.m.c.i.embedder.EclipseLogger - Using platform encoding (Cp1252 actually) to copy filtered resources, i.e. build is platform dependent!
2020-07-03 12:52:03,808 [Worker-3239] INFO  o.e.m.c.i.embedder.EclipseLogger - Copying 2 resources
2020-07-03 12:52:40,429 [Worker-3291] WARN  o.e.m.c.i.embedder.EclipseLogger - Using platform encoding (Cp1252 actually) to copy filtered resources, i.e. build is platform dependent!
2020-07-03 12:52:40,431 [Worker-3291] INFO  o.e.m.c.i.embedder.EclipseLogger - Copying 0 resource
2020-07-03 12:52:40,433 [Worker-3291] WARN  o.e.m.c.i.embedder.EclipseLogger - Using platform encoding (Cp1252 actually) to copy filtered resources, i.e. build is platform dependent!
2020-07-03 12:52:40,435 [Worker-3291] INFO  o.e.m.c.i.embedder.EclipseLogger - Copying 2 resources
2020-07-03 12:55:34,790 [Worker-3397] WARN  o.e.m.c.i.embedder.EclipseLogger - Using platform encoding (Cp1252 actually) to copy filtered resources, i.e. build is platform dependent!
2020-07-03 12:55:34,792 [Worker-3397] INFO  o.e.m.c.i.embedder.EclipseLogger - Copying 0 resource
2020-07-03 12:55:34,793 [Worker-3397] WARN  o.e.m.c.i.embedder.EclipseLogger - Using platform encoding (Cp1252 actually) to copy filtered resources, i.e. build is platform dependent!
2020-07-03 12:55:34,795 [Worker-3397] INFO  o.e.m.c.i.embedder.EclipseLogger - Copying 2 resources
